TN:
SF:src\app\layout.tsx
FN:82,RootLayout
FNF:1
FNH:0
FNDA:0,RootLayout
DA:2,0
DA:3,0
DA:4,0
DA:7,0
DA:12,0
DA:20,0
DA:82,0
LF:7
LH:0
BRF:0
BRH:0
end_of_record
TN:
SF:src\app\page.tsx
FN:39,Home
FNF:1
FNH:0
FNDA:0,Home
DA:1,0
DA:3,0
DA:4,0
DA:5,0
DA:6,0
DA:8,0
DA:39,0
LF:7
LH:0
BRF:0
BRH:0
end_of_record
TN:
SF:src\app\robots.ts
FN:3,robots
FNF:1
FNH:0
FNDA:0,robots
DA:3,0
DA:4,0
LF:2
LH:0
BRF:0
BRH:0
end_of_record
TN:
SF:src\app\sitemap.ts
FN:11,getBlogPosts
FN:17,(anonymous_2)
FN:18,(anonymous_3)
FN:29,getPublicListings
FN:35,(anonymous_5)
FN:36,(anonymous_6)
FN:47,getPublicProfiles
FN:53,(anonymous_8)
FN:54,(anonymous_9)
FN:65,sitemap
FNF:10
FNH:0
FNDA:0,getBlogPosts
FNDA:0,(anonymous_2)
FNDA:0,(anonymous_3)
FNDA:0,getPublicListings
FNDA:0,(anonymous_5)
FNDA:0,(anonymous_6)
FNDA:0,getPublicProfiles
FNDA:0,(anonymous_8)
FNDA:0,(anonymous_9)
FNDA:0,sitemap
DA:2,0
DA:12,0
DA:13,0
DA:14,0
DA:16,0
DA:17,0
DA:18,0
DA:25,0
DA:30,0
DA:31,0
DA:32,0
DA:34,0
DA:35,0
DA:36,0
DA:43,0
DA:48,0
DA:49,0
DA:50,0
DA:52,0
DA:53,0
DA:54,0
DA:61,0
DA:65,0
DA:66,0
DA:68,0
DA:74,0
DA:143,0
LF:27
LH:0
BRDA:17,0,0,0
BRDA:17,0,1,0
BRDA:20,1,0,0
BRDA:20,1,1,0
BRDA:35,2,0,0
BRDA:35,2,1,0
BRDA:38,3,0,0
BRDA:38,3,1,0
BRDA:53,4,0,0
BRDA:53,4,1,0
BRDA:56,5,0,0
BRDA:56,5,1,0
BRF:12
BRH:0
end_of_record
TN:
SF:src\app\(auth)\ClientAuthLayout.tsx
FN:7,FloatingOrb
FN:20,ClientAuthLayout
FN:29,(anonymous_3)
FN:34,(anonymous_4)
FN:106,(anonymous_5)
FNF:5
FNH:0
FNDA:0,FloatingOrb
FNDA:0,ClientAuthLayout
FNDA:0,(anonymous_3)
FNDA:0,(anonymous_4)
FNDA:0,(anonymous_5)
DA:3,0
DA:4,0
DA:5,0
DA:8,0
DA:20,0
DA:25,0
DA:26,0
DA:27,0
DA:29,0
DA:30,0
DA:31,0
DA:34,0
DA:35,0
DA:36,0
DA:37,0
DA:107,0
LF:16
LH:0
BRDA:9,0,0,0
BRDA:9,0,1,0
BRDA:30,1,0,0
BRDA:30,1,1,0
BRDA:36,2,0,0
BRDA:36,2,1,0
BRF:6
BRH:0
end_of_record
TN:
SF:src\app\(auth)\layout.tsx
FN:7,FloatingOrb
FN:20,AuthLayout
FN:29,(anonymous_3)
FN:34,(anonymous_4)
FN:106,(anonymous_5)
FNF:5
FNH:0
FNDA:0,FloatingOrb
FNDA:0,AuthLayout
FNDA:0,(anonymous_3)
FNDA:0,(anonymous_4)
FNDA:0,(anonymous_5)
DA:3,0
DA:4,0
DA:5,0
DA:8,0
DA:20,0
DA:25,0
DA:26,0
DA:27,0
DA:29,0
DA:30,0
DA:31,0
DA:34,0
DA:35,0
DA:36,0
DA:37,0
DA:107,0
LF:16
LH:0
BRDA:9,0,0,0
BRDA:9,0,1,0
BRDA:30,1,0,0
BRDA:30,1,1,0
BRDA:36,2,0,0
BRDA:36,2,1,0
BRF:6
BRH:0
end_of_record
TN:
SF:src\app\(auth)\giris-yap\page.tsx
FN:10,GirisYapPage
FN:16,(anonymous_3)
FN:42,(anonymous_4)
FN:91,(anonymous_5)
FN:113,(anonymous_6)
FNF:5
FNH:0
FNDA:0,GirisYapPage
FNDA:0,(anonymous_3)
FNDA:0,(anonymous_4)
FNDA:0,(anonymous_5)
FNDA:0,(anonymous_6)
DA:3,0
DA:4,0
DA:5,0
DA:6,0
DA:7,0
DA:8,0
DA:10,0
DA:11,0
DA:12,0
DA:13,0
DA:14,0
DA:16,0
DA:17,0
DA:19,0
DA:20,0
DA:21,0
DA:24,0
DA:26,0
DA:28,0
DA:35,0
DA:37,0
DA:38,0
DA:42,0
DA:43,0
DA:46,0
DA:51,0
DA:55,0
DA:91,0
DA:113,0
LF:29
LH:0
BRDA:19,0,0,0
BRDA:19,0,1,0
BRDA:19,1,0,0
BRDA:19,1,1,0
BRDA:37,2,0,0
BRDA:37,2,1,0
BRDA:43,3,0,0
BRDA:43,3,1,0
BRDA:127,4,0,0
BRF:9
BRH:0
end_of_record
TN:
SF:src\app\(auth)\kayit-ol\page.tsx
FN:36,groupIndustries
FN:39,(anonymous_3)
FN:45,(anonymous_4)
FN:52,KayitOlPage
FN:77,(anonymous_6)
FN:84,(anonymous_7)
FN:86,(anonymous_8)
FN:89,(anonymous_9)
FN:90,(anonymous_10)
FN:93,(anonymous_11)
FN:101,(anonymous_12)
FN:124,(anonymous_13)
FN:133,(anonymous_14)
FN:148,(anonymous_15)
FN:160,(anonymous_16)
FN:178,(anonymous_17)
FN:182,(anonymous_18)
FN:203,(anonymous_19)
FN:251,(anonymous_20)
FN:262,(anonymous_21)
FN:272,(anonymous_22)
FN:285,(anonymous_23)
FN:305,(anonymous_24)
FN:331,(anonymous_25)
FN:362,(anonymous_26)
FN:400,(anonymous_27)
FN:415,(anonymous_28)
FN:420,(anonymous_29)
FN:424,(anonymous_30)
FN:459,(anonymous_31)
FN:486,(anonymous_32)
FN:486,(anonymous_33)
FN:497,(anonymous_34)
FN:497,(anonymous_35)
FN:534,InputGroup
FN:547,IndustryIcon
FNF:36
FNH:0
FNDA:0,groupIndustries
FNDA:0,(anonymous_3)
FNDA:0,(anonymous_4)
FNDA:0,KayitOlPage
FNDA:0,(anonymous_6)
FNDA:0,(anonymous_7)
FNDA:0,(anonymous_8)
FNDA:0,(anonymous_9)
FNDA:0,(anonymous_10)
FNDA:0,(anonymous_11)
FNDA:0,(anonymous_12)
FNDA:0,(anonymous_13)
FNDA:0,(anonymous_14)
FNDA:0,(anonymous_15)
FNDA:0,(anonymous_16)
FNDA:0,(anonymous_17)
FNDA:0,(anonymous_18)
FNDA:0,(anonymous_19)
FNDA:0,(anonymous_20)
FNDA:0,(anonymous_21)
FNDA:0,(anonymous_22)
FNDA:0,(anonymous_23)
FNDA:0,(anonymous_24)
FNDA:0,(anonymous_25)
FNDA:0,(anonymous_26)
FNDA:0,(anonymous_27)
FNDA:0,(anonymous_28)
FNDA:0,(anonymous_29)
FNDA:0,(anonymous_30)
FNDA:0,(anonymous_31)
FNDA:0,(anonymous_32)
FNDA:0,(anonymous_33)
FNDA:0,(anonymous_34)
FNDA:0,(anonymous_35)
FNDA:0,InputGroup
FNDA:0,IndustryIcon
DA:3,0
DA:4,0
DA:5,0
DA:6,0
DA:10,0
DA:11,0
DA:15,0
DA:19,0
DA:20,0
DA:21,0
DA:24,0
DA:37,0
DA:39,0
DA:40,0
DA:41,0
DA:42,0
DA:45,0
DA:52,0
DA:53,0
DA:54,0
DA:55,0
DA:57,0
DA:58,0
DA:59,0
DA:61,0
DA:62,0
DA:63,0
DA:65,0
DA:66,0
DA:67,0
DA:68,0
DA:70,0
DA:71,0
DA:74,0
DA:77,0
DA:78,0
DA:83,0
DA:84,0
DA:86,0
DA:87,0
DA:89,0
DA:90,0
DA:91,0
DA:93,0
DA:94,0
DA:95,0
DA:101,0
DA:102,0
DA:103,0
DA:112,0
DA:114,0
DA:118,0
DA:124,0
DA:125,0
DA:126,0
DA:127,0
DA:128,0
DA:129,0
DA:133,0
DA:134,0
DA:135,0
DA:136,0
DA:148,0
DA:154,0
DA:156,0
DA:157,0
DA:160,0
DA:161,0
DA:164,0
DA:169,0
DA:173,0
DA:177,0
DA:178,0
DA:181,0
DA:182,0
DA:204,0
DA:251,0
DA:262,0
DA:272,0
DA:285,0
DA:305,0
DA:332,0
DA:333,0
DA:362,0
DA:400,0
DA:416,0
DA:421,0
DA:425,0
DA:426,0
DA:427,0
DA:459,0
DA:486,0
DA:497,0
DA:548,0
LF:94
LH:0
BRDA:40,0,0,0
BRDA:40,0,1,0
BRDA:41,1,0,0
BRDA:41,1,1,0
BRDA:47,2,0,0
BRDA:47,2,1,0
BRDA:79,3,0,0
BRDA:79,3,1,0
BRDA:83,4,0,0
BRDA:83,4,1,0
BRDA:102,5,0,0
BRDA:102,5,1,0
BRDA:125,6,0,0
BRDA:125,6,1,0
BRDA:125,6,2,0
BRDA:125,6,3,0
BRDA:126,7,0,0
BRDA:126,7,1,0
BRDA:126,7,2,0
BRDA:127,8,0,0
BRDA:127,8,1,0
BRDA:127,8,2,0
BRDA:148,9,0,0
BRDA:148,9,1,0
BRDA:156,10,0,0
BRDA:156,10,1,0
BRDA:161,11,0,0
BRDA:161,11,1,0
BRDA:164,12,0,0
BRDA:164,12,1,0
BRDA:177,13,0,0
BRDA:177,13,1,0
BRDA:208,14,0,0
BRDA:208,14,1,0
BRDA:210,15,0,0
BRDA:210,15,1,0
BRDA:215,16,0,0
BRDA:215,16,1,0
BRDA:218,17,0,0
BRDA:218,17,1,0
BRDA:223,18,0,0
BRDA:227,19,0,0
BRDA:227,19,1,0
BRDA:238,20,0,0
BRDA:238,20,1,0
BRDA:293,21,0,0
BRDA:293,21,1,0
BRDA:323,22,0,0
BRDA:323,22,1,0
BRDA:345,23,0,0
BRDA:345,23,1,0
BRDA:365,24,0,0
BRDA:365,24,1,0
BRDA:367,25,0,0
BRDA:367,25,1,0
BRDA:374,26,0,0
BRDA:374,26,1,0
BRDA:376,27,0,0
BRDA:376,27,1,0
BRDA:380,28,0,0
BRDA:380,28,1,0
BRDA:386,29,0,0
BRDA:410,30,0,0
BRDA:410,30,1,0
BRDA:431,31,0,0
BRDA:431,31,1,0
BRDA:436,32,0,0
BRDA:452,33,0,0
BRDA:483,34,0,0
BRDA:495,35,0,0
BRDA:508,36,0,0
BRDA:508,36,1,0
BRDA:512,37,0,0
BRDA:593,38,0,0
BRDA:593,39,0,0
BRDA:593,39,1,0
BRF:76
BRH:0
end_of_record
TN:
SF:src\app\(auth)\sifre-sifirla\page.tsx
FN:9,ResetPasswordContent
FN:22,(anonymous_3)
FN:28,(anonymous_4)
FN:43,(anonymous_5)
FN:183,(anonymous_6)
FN:191,(anonymous_7)
FN:208,(anonymous_8)
FN:250,SifreSifirlaPage
FNF:8
FNH:0
FNDA:0,ResetPasswordContent
FNDA:0,(anonymous_3)
FNDA:0,(anonymous_4)
FNDA:0,(anonymous_5)
FNDA:0,(anonymous_6)
FNDA:0,(anonymous_7)
FNDA:0,(anonymous_8)
FNDA:0,SifreSifirlaPage
DA:3,0
DA:4,0
DA:5,0
DA:6,0
DA:7,0
DA:10,0
DA:11,0
DA:13,0
DA:14,0
DA:15,0
DA:16,0
DA:17,0
DA:18,0
DA:19,0
DA:20,0
DA:22,0
DA:23,0
DA:24,0
DA:25,0
DA:28,0
DA:29,0
DA:30,0
DA:31,0
DA:32,0
DA:34,0
DA:36,0
DA:40,0
DA:43,0
DA:44,0
DA:45,0
DA:47,0
DA:48,0
DA:49,0
DA:52,0
DA:53,0
DA:54,0
DA:57,0
DA:59,0
DA:60,0
DA:66,0
DA:68,0
DA:69,0
DA:71,0
DA:74,0
DA:76,0
DA:81,0
DA:90,0
DA:121,0
DA:183,0
DA:191,0
DA:208,0
DA:250,0
LF:52
LH:0
BRDA:23,0,0,0
BRDA:23,0,1,0
BRDA:47,1,0,0
BRDA:47,1,1,0
BRDA:52,2,0,0
BRDA:52,2,1,0
BRDA:68,3,0,0
BRDA:68,3,1,0
BRDA:71,4,0,0
BRDA:71,4,1,0
BRDA:81,5,0,0
BRDA:81,5,1,0
BRDA:90,6,0,0
BRDA:90,6,1,0
BRDA:90,7,0,0
BRDA:90,7,1,0
BRDA:121,8,0,0
BRDA:121,8,1,0
BRDA:181,9,0,0
BRDA:181,9,1,0
BRDA:194,10,0,0
BRDA:206,11,0,0
BRDA:206,11,1,0
BRDA:217,12,0,0
BRDA:225,13,0,0
BRDA:225,13,1,0
BRDA:225,13,2,0
BRDA:228,14,0,0
BRDA:228,14,1,0
BRF:29
BRH:0
end_of_record
TN:
SF:src\app\(auth)\sifremi-unuttum\page.tsx
FN:8,SifremiUnuttumPage
FN:14,(anonymous_3)
FN:107,(anonymous_4)
FNF:3
FNH:0
FNDA:0,SifremiUnuttumPage
FNDA:0,(anonymous_3)
FNDA:0,(anonymous_4)
DA:3,0
DA:4,0
DA:5,0
DA:6,0
DA:8,0
DA:9,0
DA:10,0
DA:11,0
DA:12,0
DA:14,0
DA:15,0
DA:16,0
DA:17,0
DA:19,0
DA:20,0
DA:26,0
DA:28,0
DA:29,0
DA:31,0
DA:34,0
DA:36,0
DA:40,0
DA:107,0
LF:23
LH:0
BRDA:28,0,0,0
BRDA:28,0,1,0
BRDA:31,1,0,0
BRDA:31,1,1,0
BRDA:40,2,0,0
BRDA:40,2,1,0
BRDA:115,3,0,0
BRDA:123,4,0,0
BRDA:123,4,1,0
BRDA:126,5,0,0
BRDA:126,5,1,0
BRF:11
BRH:0
end_of_record
TN:
SF:src\app\(dashboard)\business\clinics\page.tsx
FN:1,ClinicsModule
FNF:1
FNH:0
FNDA:0,ClinicsModule
DA:1,0
LF:1
LH:0
BRF:0
BRH:0
end_of_record
TN:
SF:src\app\(dashboard)\business\fastfood\page.tsx
FN:1,FastFoodModule
FNF:1
FNH:0
FNDA:0,FastFoodModule
DA:1,0
LF:1
LH:0
BRF:0
BRH:0
end_of_record
TN:
SF:src\app\(dashboard)\business\gyms\page.tsx
FN:1,GymsModule
FNF:1
FNH:0
FNDA:0,GymsModule
DA:1,0
LF:1
LH:0
BRF:0
BRH:0
end_of_record
TN:
SF:src\app\(dashboard)\business\hotels\page.tsx
FN:1,HotelsModule
FNF:1
FNH:0
FNDA:0,HotelsModule
DA:1,0
LF:1
LH:0
BRF:0
BRH:0
end_of_record
TN:
SF:src\app\(dashboard)\business\petshops\page.tsx
FN:1,PetShopsModule
FNF:1
FNH:0
FNDA:0,PetShopsModule
DA:1,0
LF:1
LH:0
BRF:0
BRH:0
end_of_record
TN:
SF:src\app\(dashboard)\business\realestate\page.tsx
FN:1,RealEstateModule
FNF:1
FNH:0
FNDA:0,RealEstateModule
DA:1,0
LF:1
LH:0
BRF:0
BRH:0
end_of_record
TN:
SF:src\app\(dashboard)\business\restaurants\page.tsx
FN:1,RestaurantsModule
FNF:1
FNH:0
FNDA:0,RestaurantsModule
DA:1,0
LF:1
LH:0
BRF:0
BRH:0
end_of_record
TN:
SF:src\app\(dashboard)\business\salons\page.tsx
FN:1,SalonsModule
FNF:1
FNH:0
FNDA:0,SalonsModule
DA:1,0
LF:1
LH:0
BRF:0
BRH:0
end_of_record
TN:
SF:src\app\(public)\[slug]\not-found.tsx
FN:3,NotFound
FNF:1
FNH:0
FNDA:0,NotFound
DA:1,0
DA:3,0
LF:2
LH:0
BRF:0
BRH:0
end_of_record
TN:
SF:src\app\(public)\[slug]\page.tsx
FN:105,ProfileContent
FN:108,(anonymous_9)
FN:411,getBusinessBySlug
FN:413,(anonymous_11)
FN:487,(anonymous_12)
FN:491,(anonymous_13)
FN:495,(anonymous_14)
FN:499,(anonymous_15)
FN:503,(anonymous_16)
FN:507,(anonymous_17)
FN:511,(anonymous_18)
FN:515,(anonymous_19)
FN:577,getIndustryLabel
FN:627,getBusinessByPreviousSlug
FN:629,(anonymous_22)
FN:654,generateMetadata
FN:664,PublicProfilePage
FN:673,(anonymous_25)
FNF:18
FNH:0
FNDA:0,ProfileContent
FNDA:0,(anonymous_9)
FNDA:0,getBusinessBySlug
FNDA:0,(anonymous_11)
FNDA:0,(anonymous_12)
FNDA:0,(anonymous_13)
FNDA:0,(anonymous_14)
FNDA:0,(anonymous_15)
FNDA:0,(anonymous_16)
FNDA:0,(anonymous_17)
FNDA:0,(anonymous_18)
FNDA:0,(anonymous_19)
FNDA:0,getIndustryLabel
FNDA:0,getBusinessByPreviousSlug
FNDA:0,(anonymous_22)
FNDA:0,generateMetadata
FNDA:0,PublicProfilePage
FNDA:0,(anonymous_25)
DA:2,0
DA:12,0
DA:13,0
DA:14,0
DA:15,0
DA:27,0
DA:60,0
DA:106,0
DA:108,0
DA:109,0
DA:121,0
DA:124,0
DA:132,0
DA:412,0
DA:413,0
DA:414,0
DA:416,0
DA:422,0
DA:423,0
DA:424,0
DA:427,0
DA:429,0
DA:430,0
DA:443,0
DA:446,0
DA:447,0
DA:450,0
DA:451,0
DA:452,0
DA:453,0
DA:454,0
DA:458,0
DA:470,0
DA:471,0
DA:476,0
DA:479,0
DA:480,0
DA:486,0
DA:487,0
DA:490,0
DA:491,0
DA:494,0
DA:495,0
DA:498,0
DA:499,0
DA:502,0
DA:503,0
DA:506,0
DA:507,0
DA:510,0
DA:511,0
DA:514,0
DA:515,0
DA:518,0
DA:519,0
DA:520,0
DA:521,0
DA:522,0
DA:523,0
DA:524,0
DA:525,0
DA:526,0
DA:527,0
DA:528,0
DA:529,0
DA:530,0
DA:531,0
DA:532,0
DA:533,0
DA:534,0
DA:535,0
DA:536,0
DA:537,0
DA:538,0
DA:539,0
DA:540,0
DA:543,0
DA:572,0
DA:573,0
DA:578,0
DA:620,0
DA:621,0
DA:628,0
DA:629,0
DA:630,0
DA:632,0
DA:638,0
DA:639,0
DA:640,0
DA:643,0
DA:644,0
DA:646,0
DA:647,0
DA:654,0
DA:655,0
DA:656,0
DA:657,0
DA:658,0
DA:664,0
DA:665,0
DA:666,0
DA:668,0
DA:670,0
DA:671,0
DA:673,0
DA:674,0
DA:676,0
LF:107
LH:0
BRDA:106,0,0,0
BRDA:106,0,1,0
BRDA:121,1,0,0
BRDA:121,1,1,0
BRDA:121,2,0,0
BRDA:121,2,1,0
BRDA:155,3,0,0
BRDA:175,4,0,0
BRDA:190,5,0,0
BRDA:207,6,0,0
BRDA:210,7,0,0
BRDA:210,7,1,0
BRDA:239,8,0,0
BRDA:273,9,0,0
BRDA:288,10,0,0
BRDA:303,11,0,0
BRDA:318,12,0,0
BRDA:333,13,0,0
BRDA:335,14,0,0
BRDA:335,14,1,0
BRDA:348,15,0,0
BRDA:350,16,0,0
BRDA:350,16,1,0
BRDA:363,17,0,0
BRDA:365,18,0,0
BRDA:365,18,1,0
BRDA:378,19,0,0
BRDA:380,20,0,0
BRDA:380,20,1,0
BRDA:422,21,0,0
BRDA:422,21,1,0
BRDA:427,22,0,0
BRDA:427,22,1,0
BRDA:429,23,0,0
BRDA:429,23,1,0
BRDA:446,24,0,0
BRDA:446,24,1,0
BRDA:447,25,0,0
BRDA:447,25,1,0
BRDA:447,25,2,0
BRDA:450,26,0,0
BRDA:450,26,1,0
BRDA:459,27,0,0
BRDA:459,27,1,0
BRDA:460,28,0,0
BRDA:460,28,1,0
BRDA:461,29,0,0
BRDA:461,29,1,0
BRDA:462,30,0,0
BRDA:462,30,1,0
BRDA:463,31,0,0
BRDA:463,31,1,0
BRDA:464,32,0,0
BRDA:464,32,1,0
BRDA:465,33,0,0
BRDA:465,33,1,0
BRDA:466,34,0,0
BRDA:466,34,1,0
BRDA:470,35,0,0
BRDA:470,35,1,0
BRDA:476,36,0,0
BRDA:476,36,1,0
BRDA:478,37,0,0
BRDA:478,37,1,0
BRDA:479,38,0,0
BRDA:479,38,1,0
BRDA:479,38,2,0
BRDA:479,38,3,0
BRDA:519,39,0,0
BRDA:519,39,1,0
BRDA:521,40,0,0
BRDA:521,40,1,0
BRDA:523,41,0,0
BRDA:523,41,1,0
BRDA:525,42,0,0
BRDA:525,42,1,0
BRDA:527,43,0,0
BRDA:527,43,1,0
BRDA:529,44,0,0
BRDA:529,44,1,0
BRDA:531,45,0,0
BRDA:531,45,1,0
BRDA:533,46,0,0
BRDA:533,46,1,0
BRDA:535,47,0,0
BRDA:535,47,1,0
BRDA:537,48,0,0
BRDA:537,48,1,0
BRDA:537,49,0,0
BRDA:537,49,1,0
BRDA:537,49,2,0
BRDA:537,49,3,0
BRDA:539,50,0,0
BRDA:539,50,1,0
BRDA:544,51,0,0
BRDA:544,51,1,0
BRDA:545,52,0,0
BRDA:545,52,1,0
BRDA:546,53,0,0
BRDA:546,53,1,0
BRDA:546,53,2,0
BRDA:547,54,0,0
BRDA:547,54,1,0
BRDA:547,54,2,0
BRDA:548,55,0,0
BRDA:548,55,1,0
BRDA:548,55,2,0
BRDA:550,56,0,0
BRDA:550,56,1,0
BRDA:551,57,0,0
BRDA:551,57,1,0
BRDA:552,58,0,0
BRDA:552,58,1,0
BRDA:552,58,2,0
BRDA:553,59,0,0
BRDA:553,59,1,0
BRDA:553,59,2,0
BRDA:553,59,3,0
BRDA:553,59,4,0
BRDA:554,60,0,0
BRDA:554,60,1,0
BRDA:554,60,2,0
BRDA:555,61,0,0
BRDA:555,61,1,0
BRDA:556,62,0,0
BRDA:556,62,1,0
BRDA:558,63,0,0
BRDA:558,63,1,0
BRDA:560,64,0,0
BRDA:560,64,1,0
BRDA:561,65,0,0
BRDA:561,65,1,0
BRDA:562,66,0,0
BRDA:562,66,1,0
BRDA:563,67,0,0
BRDA:563,67,1,0
BRDA:564,68,0,0
BRDA:564,68,1,0
BRDA:565,69,0,0
BRDA:565,69,1,0
BRDA:566,70,0,0
BRDA:566,70,1,0
BRDA:567,71,0,0
BRDA:567,71,1,0
BRDA:620,72,0,0
BRDA:620,72,1,0
BRDA:621,73,0,0
BRDA:621,73,1,0
BRDA:638,74,0,0
BRDA:638,74,1,0
BRDA:643,75,0,0
BRDA:643,75,1,0
BRDA:657,76,0,0
BRDA:657,76,1,0
BRDA:668,77,0,0
BRDA:668,77,1,0
BRDA:671,78,0,0
BRDA:671,78,1,0
BRF:158
BRH:0
end_of_record
TN:
SF:src\app\(public)\[slug]\danisman\[consultantSlug]\page.tsx
FN:72,getConsultantData
FN:95,generateMetadata
FN:125,ConsultantPublicPage
FN:228,(anonymous_8)
FN:275,(anonymous_9)
FN:276,(anonymous_10)
FNF:6
FNH:0
FNDA:0,getConsultantData
FNDA:0,generateMetadata
FNDA:0,ConsultantPublicPage
FNDA:0,(anonymous_8)
FNDA:0,(anonymous_9)
FNDA:0,(anonymous_10)
DA:2,0
DA:3,0
DA:4,0
DA:5,0
DA:6,0
DA:63,0
DA:73,0
DA:74,0
DA:75,0
DA:80,0
DA:82,0
DA:83,0
DA:85,0
DA:87,0
DA:88,0
DA:95,0
DA:100,0
DA:101,0
DA:103,0
DA:104,0
DA:107,0
DA:125,0
DA:130,0
DA:131,0
DA:133,0
DA:134,0
DA:137,0
DA:228,0
DA:276,0
DA:277,0
DA:279,0
LF:31
LH:0
BRDA:74,0,0,0
BRDA:74,0,1,0
BRDA:80,1,0,0
BRDA:80,1,1,0
BRDA:83,2,0,0
BRDA:83,2,1,0
BRDA:103,3,0,0
BRDA:103,3,1,0
BRDA:109,4,0,0
BRDA:109,4,1,0
BRDA:133,5,0,0
BRDA:133,5,1,0
BRDA:151,6,0,0
BRDA:172,7,0,0
BRDA:220,8,0,0
BRDA:228,9,0,0
BRDA:228,9,1,0
BRDA:231,10,0,0
BRDA:243,11,0,0
BRDA:267,12,0,0
BRDA:276,13,0,0
BRDA:276,13,1,0
BRDA:277,14,0,0
BRDA:277,14,1,0
BRDA:288,15,0,0
BRDA:309,16,0,0
BRDA:309,16,1,0
BRDA:309,17,0,0
BRDA:309,17,1,0
BRF:29
BRH:0
end_of_record
TN:
SF:src\app\(public)\[slug]\emlak\page.tsx
FN:62,EmlakPublicPage
FN:75,(anonymous_3)
FN:76,(anonymous_4)
FN:103,(anonymous_5)
FN:111,(anonymous_6)
FN:122,(anonymous_7)
FN:183,(anonymous_8)
FN:190,(anonymous_9)
FN:196,(anonymous_10)
FN:228,(anonymous_11)
FN:238,(anonymous_12)
FN:239,(anonymous_13)
FNF:12
FNH:0
FNDA:0,EmlakPublicPage
FNDA:0,(anonymous_3)
FNDA:0,(anonymous_4)
FNDA:0,(anonymous_5)
FNDA:0,(anonymous_6)
FNDA:0,(anonymous_7)
FNDA:0,(anonymous_8)
FNDA:0,(anonymous_9)
FNDA:0,(anonymous_10)
FNDA:0,(anonymous_11)
FNDA:0,(anonymous_12)
FNDA:0,(anonymous_13)
DA:3,0
DA:4,0
DA:5,0
DA:14,0
DA:16,0
DA:17,0
DA:55,0
DA:62,0
DA:63,0
DA:64,0
DA:65,0
DA:67,0
DA:68,0
DA:69,0
DA:70,0
DA:71,0
DA:72,0
DA:75,0
DA:76,0
DA:77,0
DA:78,0
DA:79,0
DA:82,0
DA:84,0
DA:85,0
DA:86,0
DA:89,0
DA:90,0
DA:92,0
DA:93,0
DA:95,0
DA:99,0
DA:103,0
DA:104,0
DA:111,0
DA:112,0
DA:113,0
DA:115,0
DA:118,0
DA:122,0
DA:123,0
DA:126,0
DA:137,0
DA:183,0
DA:191,0
DA:192,0
DA:193,0
DA:196,0
DA:229,0
DA:238,0
DA:239,0
LF:51
LH:0
BRDA:84,0,0,0
BRDA:84,0,1,0
BRDA:85,1,0,0
BRDA:85,1,1,0
BRDA:89,2,0,0
BRDA:89,2,1,0
BRDA:90,3,0,0
BRDA:90,3,1,0
BRDA:104,4,0,0
BRDA:104,4,1,0
BRDA:104,4,2,0
BRDA:104,4,3,0
BRDA:112,5,0,0
BRDA:112,5,1,0
BRDA:113,6,0,0
BRDA:113,6,1,0
BRDA:126,7,0,0
BRDA:126,7,1,0
BRDA:137,8,0,0
BRDA:137,8,1,0
BRDA:197,9,0,0
BRDA:197,9,1,0
BRDA:214,10,0,0
BRDA:220,11,0,0
BRDA:220,11,1,0
BRF:25
BRH:0
end_of_record
TN:
SF:src\app\(public)\[slug]\emlak\[listingId]\page.tsx
FN:83,(anonymous_2)
FN:103,EmlakDetailPage
FN:117,(anonymous_4)
FN:118,(anonymous_5)
FN:130,(anonymous_6)
FN:150,(anonymous_7)
FN:162,(anonymous_8)
FN:176,(anonymous_9)
FN:178,(anonymous_10)
FN:181,(anonymous_11)
FN:183,(anonymous_12)
FN:218,(anonymous_13)
FN:227,(anonymous_14)
FN:245,(anonymous_15)
FN:264,(anonymous_16)
FN:270,(anonymous_17)
FN:446,(anonymous_18)
FNF:17
FNH:0
FNDA:0,(anonymous_2)
FNDA:0,EmlakDetailPage
FNDA:0,(anonymous_4)
FNDA:0,(anonymous_5)
FNDA:0,(anonymous_6)
FNDA:0,(anonymous_7)
FNDA:0,(anonymous_8)
FNDA:0,(anonymous_9)
FNDA:0,(anonymous_10)
FNDA:0,(anonymous_11)
FNDA:0,(anonymous_12)
FNDA:0,(anonymous_13)
FNDA:0,(anonymous_14)
FNDA:0,(anonymous_15)
FNDA:0,(anonymous_16)
FNDA:0,(anonymous_17)
FNDA:0,(anonymous_18)
DA:3,0
DA:4,0
DA:5,0
DA:26,0
DA:27,0
DA:28,0
DA:29,0
DA:83,0
DA:84,0
DA:85,0
DA:88,0
DA:94,0
DA:103,0
DA:104,0
DA:105,0
DA:106,0
DA:107,0
DA:109,0
DA:110,0
DA:111,0
DA:112,0
DA:113,0
DA:114,0
DA:117,0
DA:118,0
DA:119,0
DA:120,0
DA:121,0
DA:122,0
DA:124,0
DA:125,0
DA:126,0
DA:129,0
DA:130,0
DA:132,0
DA:133,0
DA:134,0
DA:137,0
DA:139,0
DA:140,0
DA:142,0
DA:146,0
DA:150,0
DA:151,0
DA:152,0
DA:153,0
DA:155,0
DA:158,0
DA:162,0
DA:163,0
DA:164,0
DA:165,0
DA:167,0
DA:168,0
DA:170,0
DA:171,0
DA:176,0
DA:177,0
DA:178,0
DA:181,0
DA:182,0
DA:183,0
DA:186,0
DA:197,0
DA:218,0
DA:219,0
DA:227,0
DA:245,0
DA:264,0
DA:270,0
DA:446,0
LF:71
LH:0
BRDA:83,0,0,0
BRDA:85,1,0,0
BRDA:85,1,1,0
BRDA:124,2,0,0
BRDA:124,2,1,0
BRDA:125,3,0,0
BRDA:125,3,1,0
BRDA:129,4,0,0
BRDA:129,4,1,0
BRDA:132,5,0,0
BRDA:132,5,1,0
BRDA:151,6,0,0
BRDA:151,6,1,0
BRDA:152,7,0,0
BRDA:152,7,1,0
BRDA:153,8,0,0
BRDA:153,8,1,0
BRDA:163,9,0,0
BRDA:163,9,1,0
BRDA:167,10,0,0
BRDA:167,10,1,0
BRDA:177,11,0,0
BRDA:177,11,1,0
BRDA:182,12,0,0
BRDA:182,12,1,0
BRDA:186,13,0,0
BRDA:186,13,1,0
BRDA:197,14,0,0
BRDA:197,14,1,0
BRDA:197,15,0,0
BRDA:197,15,1,0
BRDA:218,16,0,0
BRDA:218,16,1,0
BRDA:219,17,0,0
BRDA:219,17,1,0
BRDA:248,18,0,0
BRDA:261,19,0,0
BRDA:279,20,0,0
BRDA:295,21,0,0
BRDA:295,21,1,0
BRDA:305,22,0,0
BRDA:305,22,1,0
BRDA:313,23,0,0
BRDA:325,24,0,0
BRDA:330,25,0,0
BRDA:330,25,1,0
BRDA:335,26,0,0
BRDA:345,27,0,0
BRDA:345,27,1,0
BRDA:345,27,2,0
BRDA:345,27,3,0
BRDA:349,28,0,0
BRDA:352,29,0,0
BRDA:352,29,1,0
BRDA:355,30,0,0
BRDA:361,31,0,0
BRDA:367,32,0,0
BRDA:378,33,0,0
BRDA:386,34,0,0
BRDA:391,35,0,0
BRDA:405,36,0,0
BRDA:413,37,0,0
BRDA:422,38,0,0
BRDA:422,38,1,0
BRDA:438,39,0,0
BRDA:453,40,0,0
BRDA:463,41,0,0
BRF:67
BRH:0
end_of_record
TN:
SF:src\app\(public)\[slug]\menu\page.tsx
FN:47,MenuContent
FN:66,(anonymous_2)
FN:82,(anonymous_3)
FN:158,(anonymous_4)
FN:162,(anonymous_5)
FN:165,(anonymous_6)
FN:169,(anonymous_7)
FN:170,(anonymous_8)
FN:186,(anonymous_9)
FN:192,(anonymous_10)
FN:200,(anonymous_11)
FN:215,(anonymous_12)
FN:221,(anonymous_13)
FN:224,(anonymous_14)
FN:225,(anonymous_15)
FN:226,(anonymous_16)
FN:234,(anonymous_17)
FN:235,(anonymous_18)
FN:278,(anonymous_19)
FN:297,(anonymous_20)
FN:300,(anonymous_21)
FN:318,(anonymous_22)
FN:322,(anonymous_23)
FN:338,(anonymous_24)
FN:347,FastFoodMenuPage
FNF:25
FNH:0
FNDA:0,MenuContent
FNDA:0,(anonymous_2)
FNDA:0,(anonymous_3)
FNDA:0,(anonymous_4)
FNDA:0,(anonymous_5)
FNDA:0,(anonymous_6)
FNDA:0,(anonymous_7)
FNDA:0,(anonymous_8)
FNDA:0,(anonymous_9)
FNDA:0,(anonymous_10)
FNDA:0,(anonymous_11)
FNDA:0,(anonymous_12)
FNDA:0,(anonymous_13)
FNDA:0,(anonymous_14)
FNDA:0,(anonymous_15)
FNDA:0,(anonymous_16)
FNDA:0,(anonymous_17)
FNDA:0,(anonymous_18)
FNDA:0,(anonymous_19)
FNDA:0,(anonymous_20)
FNDA:0,(anonymous_21)
FNDA:0,(anonymous_22)
FNDA:0,(anonymous_23)
FNDA:0,(anonymous_24)
FNDA:0,FastFoodMenuPage
DA:3,0
DA:4,0
DA:5,0
DA:6,0
DA:7,0
DA:8,0
DA:9,0
DA:10,0
DA:48,0
DA:49,0
DA:50,0
DA:52,0
DA:53,0
DA:54,0
DA:55,0
DA:56,0
DA:57,0
DA:58,0
DA:61,0
DA:62,0
DA:63,0
DA:66,0
DA:67,0
DA:68,0
DA:69,0
DA:73,0
DA:74,0
DA:75,0
DA:76,0
DA:77,0
DA:79,0
DA:80,0
DA:82,0
DA:83,0
DA:84,0
DA:87,0
DA:88,0
DA:89,0
DA:90,0
DA:94,0
DA:95,0
DA:97,0
DA:98,0
DA:100,0
DA:101,0
DA:102,0
DA:103,0
DA:104,0
DA:107,0
DA:108,0
DA:110,0
DA:111,0
DA:112,0
DA:115,0
DA:121,0
DA:122,0
DA:123,0
DA:124,0
DA:126,0
DA:127,0
DA:131,0
DA:132,0
DA:133,0
DA:134,0
DA:135,0
DA:136,0
DA:137,0
DA:140,0
DA:143,0
DA:145,0
DA:146,0
DA:147,0
DA:148,0
DA:149,0
DA:151,0
DA:154,0
DA:158,0
DA:159,0
DA:162,0
DA:165,0
DA:166,0
DA:168,0
DA:170,0
DA:171,0
DA:172,0
DA:173,0
DA:174,0
DA:186,0
DA:187,0
DA:188,0
DA:192,0
DA:193,0
DA:194,0
DA:200,0
DA:201,0
DA:202,0
DA:203,0
DA:204,0
DA:205,0
DA:207,0
DA:215,0
DA:216,0
DA:217,0
DA:221,0
DA:224,0
DA:225,0
DA:226,0
DA:229,0
DA:234,0
DA:235,0
DA:239,0
DA:250,0
DA:278,0
DA:298,0
DA:301,0
DA:319,0
DA:322,0
DA:339,0
DA:340,0
DA:347,0
DA:348,0
LF:121
LH:0
BRDA:68,0,0,0
BRDA:68,0,1,0
BRDA:82,1,0,0
BRDA:84,2,0,0
BRDA:84,2,1,0
BRDA:87,3,0,0
BRDA:87,3,1,0
BRDA:94,4,0,0
BRDA:94,4,1,0
BRDA:100,5,0,0
BRDA:100,5,1,0
BRDA:110,6,0,0
BRDA:110,6,1,0
BRDA:111,7,0,0
BRDA:111,7,1,0
BRDA:117,8,0,0
BRDA:117,8,1,0
BRDA:121,9,0,0
BRDA:121,9,1,0
BRDA:122,10,0,0
BRDA:122,10,1,0
BRDA:123,11,0,0
BRDA:123,11,1,0
BRDA:124,12,0,0
BRDA:124,12,1,0
BRDA:126,13,0,0
BRDA:126,13,1,0
BRDA:126,14,0,0
BRDA:126,14,1,0
BRDA:135,15,0,0
BRDA:135,15,1,0
BRDA:135,16,0,0
BRDA:135,16,1,0
BRDA:136,17,0,0
BRDA:136,17,1,0
BRDA:137,18,0,0
BRDA:137,18,1,0
BRDA:146,19,0,0
BRDA:146,19,1,0
BRDA:146,20,0,0
BRDA:146,20,1,0
BRDA:148,21,0,0
BRDA:148,21,1,0
BRDA:154,22,0,0
BRDA:154,22,1,0
BRDA:166,23,0,0
BRDA:166,23,1,0
BRDA:171,24,0,0
BRDA:171,24,1,0
BRDA:173,25,0,0
BRDA:173,25,1,0
BRDA:187,26,0,0
BRDA:187,26,1,0
BRDA:193,27,0,0
BRDA:193,27,1,0
BRDA:202,28,0,0
BRDA:202,28,1,0
BRDA:225,29,0,0
BRDA:225,29,1,0
BRDA:225,30,0,0
BRDA:225,30,1,0
BRDA:239,31,0,0
BRDA:239,31,1,0
BRDA:250,32,0,0
BRDA:250,32,1,0
BRDA:269,33,0,0
BRDA:269,33,1,0
BRDA:271,34,0,0
BRDA:271,34,1,0
BRDA:271,34,2,0
BRDA:276,35,0,0
BRDA:288,36,0,0
BRDA:301,37,0,0
BRDA:301,37,1,0
BRF:74
BRH:0
end_of_record
TN:
SF:src\app\(public)\[slug]\odalar\page.tsx
FN:37,getBusinessBySlug
FN:39,(anonymous_8)
FN:64,getRoomTypes
FN:66,(anonymous_10)
FN:70,(anonymous_11)
FN:71,(anonymous_12)
FN:81,(anonymous_13)
FN:88,generateMetadata
FN:97,PublicRoomsPage
FN:146,(anonymous_16)
FN:190,(anonymous_17)
FNF:11
FNH:0
FNDA:0,getBusinessBySlug
FNDA:0,(anonymous_8)
FNDA:0,getRoomTypes
FNDA:0,(anonymous_10)
FNDA:0,(anonymous_11)
FNDA:0,(anonymous_12)
FNDA:0,(anonymous_13)
FNDA:0,generateMetadata
FNDA:0,PublicRoomsPage
FNDA:0,(anonymous_16)
FNDA:0,(anonymous_17)
DA:2,0
DA:3,0
DA:4,0
DA:5,0
DA:29,0
DA:38,0
DA:39,0
DA:40,0
DA:42,0
DA:48,0
DA:50,0
DA:59,0
DA:60,0
DA:65,0
DA:66,0
DA:67,0
DA:69,0
DA:70,0
DA:71,0
DA:81,0
DA:83,0
DA:84,0
DA:88,0
DA:89,0
DA:90,0
DA:91,0
DA:92,0
DA:97,0
DA:98,0
DA:99,0
DA:101,0
DA:102,0
DA:105,0
DA:147,0
DA:191,0
DA:192,0
LF:36
LH:0
BRDA:48,0,0,0
BRDA:48,0,1,0
BRDA:48,1,0,0
BRDA:48,1,1,0
BRDA:52,2,0,0
BRDA:52,2,1,0
BRDA:53,3,0,0
BRDA:53,3,1,0
BRDA:56,4,0,0
BRDA:56,4,1,0
BRDA:56,4,2,0
BRDA:70,5,0,0
BRDA:70,5,1,0
BRDA:73,6,0,0
BRDA:73,6,1,0
BRDA:74,7,0,0
BRDA:74,7,1,0
BRDA:75,8,0,0
BRDA:75,8,1,0
BRDA:76,9,0,0
BRDA:76,9,1,0
BRDA:77,10,0,0
BRDA:77,10,1,0
BRDA:78,11,0,0
BRDA:78,11,1,0
BRDA:79,12,0,0
BRDA:79,12,1,0
BRDA:91,13,0,0
BRDA:91,13,1,0
BRDA:101,14,0,0
BRDA:101,14,1,0
BRDA:121,15,0,0
BRDA:139,16,0,0
BRDA:149,17,0,0
BRDA:183,18,0,0
BRDA:188,19,0,0
BRDA:191,20,0,0
BRDA:191,20,1,0
BRDA:211,21,0,0
BRDA:211,21,1,0
BRF:40
BRH:0
end_of_record
TN:
SF:src\app\(public)\[slug]\siparis\page.tsx
FN:35,getBusinessBySlug
FN:37,(anonymous_8)
FN:62,getCategories
FN:64,(anonymous_10)
FN:75,(anonymous_11)
FN:76,(anonymous_12)
FN:82,(anonymous_13)
FN:89,getProducts
FN:91,(anonymous_15)
FN:102,(anonymous_16)
FN:103,(anonymous_17)
FN:119,generateMetadata
FN:128,PublicOrderPage
FN:142,(anonymous_20)
FN:144,(anonymous_21)
FN:145,(anonymous_22)
FN:186,(anonymous_23)
FN:196,(anonymous_24)
FNF:18
FNH:0
FNDA:0,getBusinessBySlug
FNDA:0,(anonymous_8)
FNDA:0,getCategories
FNDA:0,(anonymous_10)
FNDA:0,(anonymous_11)
FNDA:0,(anonymous_12)
FNDA:0,(anonymous_13)
FNDA:0,getProducts
FNDA:0,(anonymous_15)
FNDA:0,(anonymous_16)
FNDA:0,(anonymous_17)
FNDA:0,generateMetadata
FNDA:0,PublicOrderPage
FNDA:0,(anonymous_20)
FNDA:0,(anonymous_21)
FNDA:0,(anonymous_22)
FNDA:0,(anonymous_23)
FNDA:0,(anonymous_24)
DA:2,0
DA:3,0
DA:4,0
DA:5,0
DA:36,0
DA:37,0
DA:38,0
DA:40,0
DA:46,0
DA:48,0
DA:57,0
DA:58,0
DA:63,0
DA:64,0
DA:65,0
DA:67,0
DA:72,0
DA:74,0
DA:75,0
DA:76,0
DA:82,0
DA:84,0
DA:85,0
DA:90,0
DA:91,0
DA:92,0
DA:94,0
DA:99,0
DA:101,0
DA:102,0
DA:103,0
DA:114,0
DA:115,0
DA:119,0
DA:120,0
DA:121,0
DA:122,0
DA:123,0
DA:128,0
DA:129,0
DA:130,0
DA:132,0
DA:133,0
DA:136,0
DA:142,0
DA:144,0
DA:145,0
DA:187,0
DA:197,0
LF:49
LH:0
BRDA:46,0,0,0
BRDA:46,0,1,0
BRDA:46,1,0,0
BRDA:46,1,1,0
BRDA:50,2,0,0
BRDA:50,2,1,0
BRDA:51,3,0,0
BRDA:51,3,1,0
BRDA:54,4,0,0
BRDA:54,4,1,0
BRDA:54,4,2,0
BRDA:72,5,0,0
BRDA:72,5,1,0
BRDA:74,6,0,0
BRDA:74,6,1,0
BRDA:79,7,0,0
BRDA:79,7,1,0
BRDA:99,8,0,0
BRDA:99,8,1,0
BRDA:101,9,0,0
BRDA:101,9,1,0
BRDA:102,10,0,0
BRDA:102,10,1,0
BRDA:106,11,0,0
BRDA:106,11,1,0
BRDA:107,12,0,0
BRDA:107,12,1,0
BRDA:109,13,0,0
BRDA:109,13,1,0
BRDA:122,14,0,0
BRDA:122,14,1,0
BRDA:132,15,0,0
BRDA:132,15,1,0
BRDA:161,16,0,0
BRDA:179,17,0,0
BRDA:201,18,0,0
BRDA:215,19,0,0
BRDA:230,20,0,0
BRDA:230,20,1,0
BRF:39
BRH:0
end_of_record
TN:
SF:src\app\(public)\[slug]\siparisler\page.tsx
FN:104,CustomerOrdersPage
FN:118,(anonymous_3)
FN:135,(anonymous_4)
FN:158,(anonymous_5)
FN:167,(anonymous_6)
FN:173,(anonymous_7)
FN:188,(anonymous_8)
FN:214,(anonymous_9)
FN:225,(anonymous_10)
FN:232,(anonymous_11)
FN:297,(anonymous_12)
FN:318,(anonymous_13)
FN:328,(anonymous_14)
FN:341,(anonymous_15)
FN:343,(anonymous_16)
FNF:15
FNH:0
FNDA:0,CustomerOrdersPage
FNDA:0,(anonymous_3)
FNDA:0,(anonymous_4)
FNDA:0,(anonymous_5)
FNDA:0,(anonymous_6)
FNDA:0,(anonymous_7)
FNDA:0,(anonymous_8)
FNDA:0,(anonymous_9)
FNDA:0,(anonymous_10)
FNDA:0,(anonymous_11)
FNDA:0,(anonymous_12)
FNDA:0,(anonymous_13)
FNDA:0,(anonymous_14)
FNDA:0,(anonymous_15)
FNDA:0,(anonymous_16)
DA:3,0
DA:4,0
DA:5,0
DA:6,0
DA:7,0
DA:65,0
DA:104,0
DA:105,0
DA:106,0
DA:108,0
DA:109,0
DA:110,0
DA:115,0
DA:116,0
DA:118,0
DA:119,0
DA:120,0
DA:121,0
DA:122,0
DA:123,0
DA:131,0
DA:135,0
DA:136,0
DA:138,0
DA:139,0
DA:140,0
DA:143,0
DA:145,0
DA:146,0
DA:148,0
DA:151,0
DA:152,0
DA:154,0
DA:158,0
DA:159,0
DA:161,0
DA:162,0
DA:163,0
DA:167,0
DA:168,0
DA:169,0
DA:173,0
DA:174,0
DA:175,0
DA:176,0
DA:178,0
DA:179,0
DA:180,0
DA:181,0
DA:188,0
DA:189,0
DA:190,0
DA:215,0
DA:225,0
DA:232,0
DA:297,0
DA:318,0
DA:328,0
DA:341,0
DA:343,0
LF:60
LH:0
BRDA:122,0,0,0
BRDA:122,0,1,0
BRDA:122,1,0,0
BRDA:122,1,1,0
BRDA:126,2,0,0
BRDA:126,2,1,0
BRDA:136,3,0,0
BRDA:136,3,1,0
BRDA:136,4,0,0
BRDA:136,4,1,0
BRDA:145,5,0,0
BRDA:145,5,1,0
BRDA:148,6,0,0
BRDA:148,6,1,0
BRDA:162,7,0,0
BRDA:162,7,1,0
BRDA:168,8,0,0
BRDA:168,8,1,0
BRDA:168,9,0,0
BRDA:168,9,1,0
BRDA:178,10,0,0
BRDA:178,10,1,0
BRDA:179,11,0,0
BRDA:179,11,1,0
BRDA:180,12,0,0
BRDA:180,12,1,0
BRDA:184,13,0,0
BRDA:184,13,1,0
BRDA:200,14,0,0
BRDA:200,14,1,0
BRDA:220,15,0,0
BRDA:223,16,0,0
BRDA:231,17,0,0
BRDA:231,17,1,0
BRDA:239,18,0,0
BRDA:268,19,0,0
BRDA:275,20,0,0
BRDA:275,20,1,0
BRDA:279,21,0,0
BRDA:279,21,1,0
BRDA:302,22,0,0
BRDA:302,22,1,0
BRDA:306,23,0,0
BRDA:315,24,0,0
BRDA:314,25,0,0
BRDA:314,25,1,0
BRDA:320,26,0,0
BRDA:320,26,1,0
BRDA:330,27,0,0
BRDA:330,27,1,0
BRDA:341,28,0,0
BRDA:340,29,0,0
BRDA:340,29,1,0
BRDA:343,30,0,0
BRDA:342,31,0,0
BRDA:342,31,1,0
BRDA:348,32,0,0
BRDA:348,32,1,0
BRDA:351,33,0,0
BRDA:351,33,1,0
BRF:60
BRH:0
end_of_record
TN:
SF:src\app\actions\maintenance.ts
FN:12,purgeCache
FN:42,scanOrphanData
FN:52,(anonymous_6)
FN:78,(anonymous_7)
FN:92,(anonymous_8)
FN:94,(anonymous_9)
FN:110,(anonymous_10)
FN:125,(anonymous_11)
FN:137,(anonymous_12)
FN:149,(anonymous_13)
FN:161,(anonymous_14)
FN:171,(anonymous_15)
FN:192,cleanOrphanData
FNF:13
FNH:0
FNDA:0,purgeCache
FNDA:0,scanOrphanData
FNDA:0,(anonymous_6)
FNDA:0,(anonymous_7)
FNDA:0,(anonymous_8)
FNDA:0,(anonymous_9)
FNDA:0,(anonymous_10)
FNDA:0,(anonymous_11)
FNDA:0,(anonymous_12)
FNDA:0,(anonymous_13)
FNDA:0,(anonymous_14)
FNDA:0,(anonymous_15)
FNDA:0,cleanOrphanData
DA:3,0
DA:8,0
DA:9,0
DA:12,0
DA:13,0
DA:15,0
DA:17,0
DA:18,0
DA:21,0
DA:22,0
DA:23,0
DA:25,0
DA:27,0
DA:29,0
DA:30,0
DA:42,0
DA:49,0
DA:51,0
DA:52,0
DA:53,0
DA:55,0
DA:58,0
DA:61,0
DA:62,0
DA:63,0
DA:64,0
DA:65,0
DA:74,0
DA:77,0
DA:78,0
DA:79,0
DA:80,0
DA:88,0
DA:91,0
DA:92,0
DA:93,0
DA:94,0
DA:96,0
DA:97,0
DA:106,0
DA:109,0
DA:110,0
DA:111,0
DA:112,0
DA:114,0
DA:115,0
DA:124,0
DA:125,0
DA:126,0
DA:127,0
DA:136,0
DA:137,0
DA:138,0
DA:139,0
DA:148,0
DA:149,0
DA:150,0
DA:151,0
DA:160,0
DA:161,0
DA:162,0
DA:163,0
DA:171,0
DA:173,0
DA:181,0
DA:182,0
DA:192,0
DA:193,0
DA:195,0
DA:196,0
DA:197,0
DA:198,0
DA:199,0
DA:200,0
DA:201,0
DA:202,0
DA:203,0
DA:207,0
DA:209,0
DA:211,0
DA:213,0
DA:217,0
DA:222,0
DA:223,0
LF:84
LH:0
BRDA:61,0,0,0
BRDA:61,0,1,0
BRDA:62,1,0,0
BRDA:62,1,1,0
BRDA:64,2,0,0
BRDA:64,2,1,0
BRDA:64,3,0,0
BRDA:64,3,1,0
BRDA:77,4,0,0
BRDA:77,4,1,0
BRDA:78,5,0,0
BRDA:78,5,1,0
BRDA:78,6,0,0
BRDA:78,6,1,0
BRDA:91,7,0,0
BRDA:91,7,1,0
BRDA:92,8,0,0
BRDA:92,8,1,0
BRDA:92,9,0,0
BRDA:92,9,1,0
BRDA:94,10,0,0
BRDA:94,10,1,0
BRDA:109,11,0,0
BRDA:109,11,1,0
BRDA:110,12,0,0
BRDA:110,12,1,0
BRDA:112,13,0,0
BRDA:112,13,1,0
BRDA:125,14,0,0
BRDA:125,14,1,0
BRDA:137,15,0,0
BRDA:137,15,1,0
BRDA:142,16,0,0
BRDA:142,16,1,0
BRDA:149,17,0,0
BRDA:149,17,1,0
BRDA:161,18,0,0
BRDA:161,18,1,0
BRDA:199,19,0,0
BRDA:199,19,1,0
BRDA:199,20,0,0
BRDA:199,20,1,0
BRDA:201,21,0,0
BRDA:201,21,1,0
BRDA:201,22,0,0
BRDA:201,22,1,0
BRDA:202,23,0,0
BRDA:202,23,1,0
BRDA:202,24,0,0
BRDA:202,24,1,0
BRDA:207,25,0,0
BRDA:207,25,1,0
BRF:52
BRH:0
end_of_record
TN:
SF:src\app\api\admin\businesses\route.ts
FN:9,GET
FN:33,(anonymous_5)
FN:73,DELETE
FNF:3
FNH:0
FNDA:0,GET
FNDA:0,(anonymous_5)
FNDA:0,DELETE
DA:2,0
DA:3,0
DA:4,0
DA:6,0
DA:9,0
DA:10,0
DA:12,0
DA:13,0
DA:14,0
DA:17,0
DA:19,0
DA:24,0
DA:25,0
DA:26,0
DA:33,0
DA:59,0
DA:64,0
DA:65,0
DA:73,0
DA:74,0
DA:76,0
DA:77,0
DA:78,0
DA:82,0
DA:83,0
DA:85,0
DA:86,0
DA:89,0
DA:91,0
DA:96,0
DA:97,0
DA:98,0
DA:104,0
DA:106,0
DA:107,0
LF:35
LH:0
BRDA:13,0,0,0
BRDA:13,0,1,0
BRDA:24,1,0,0
BRDA:24,1,1,0
BRDA:33,2,0,0
BRDA:33,2,1,0
BRDA:35,3,0,0
BRDA:35,3,1,0
BRDA:36,4,0,0
BRDA:36,4,1,0
BRDA:37,5,0,0
BRDA:37,5,1,0
BRDA:38,6,0,0
BRDA:38,6,1,0
BRDA:39,7,0,0
BRDA:39,7,1,0
BRDA:40,8,0,0
BRDA:40,8,1,0
BRDA:42,9,0,0
BRDA:42,9,1,0
BRDA:43,10,0,0
BRDA:43,10,1,0
BRDA:44,11,0,0
BRDA:44,11,1,0
BRDA:45,12,0,0
BRDA:45,12,1,0
BRDA:46,13,0,0
BRDA:46,13,1,0
BRDA:47,14,0,0
BRDA:47,14,1,0
BRDA:48,15,0,0
BRDA:48,15,1,0
BRDA:49,16,0,0
BRDA:49,16,1,0
BRDA:50,17,0,0
BRDA:50,17,1,0
BRDA:53,18,0,0
BRDA:53,18,1,0
BRDA:54,19,0,0
BRDA:54,19,1,0
BRDA:56,20,0,0
BRDA:56,20,1,0
BRDA:77,21,0,0
BRDA:77,21,1,0
BRDA:85,22,0,0
BRDA:85,22,1,0
BRDA:96,23,0,0
BRDA:96,23,1,0
BRF:48
BRH:0
end_of_record
TN:
SF:src\app\api\admin\businesses\[id]\route.ts
FN:13,GET
FNF:1
FNH:0
FNDA:0,GET
DA:2,0
DA:3,0
DA:4,0
DA:6,0
DA:13,0
DA:14,0
DA:15,0
DA:16,0
DA:17,0
DA:20,0
DA:22,0
DA:24,0
DA:30,0
DA:31,0
DA:32,0
DA:38,0
DA:39,0
DA:42,0
DA:68,0
DA:73,0
DA:74,0
LF:21
LH:0
BRDA:16,0,0,0
BRDA:16,0,1,0
BRDA:30,1,0,0
BRDA:30,1,1,0
BRDA:38,2,0,0
BRDA:38,2,1,0
BRDA:44,3,0,0
BRDA:44,3,1,0
BRDA:45,4,0,0
BRDA:45,4,1,0
BRDA:46,5,0,0
BRDA:46,5,1,0
BRDA:47,6,0,0
BRDA:47,6,1,0
BRDA:48,7,0,0
BRDA:48,7,1,0
BRDA:49,8,0,0
BRDA:49,8,1,0
BRDA:51,9,0,0
BRDA:51,9,1,0
BRDA:52,10,0,0
BRDA:52,10,1,0
BRDA:53,11,0,0
BRDA:53,11,1,0
BRDA:54,12,0,0
BRDA:54,12,1,0
BRDA:55,13,0,0
BRDA:55,13,1,0
BRDA:56,14,0,0
BRDA:56,14,1,0
BRDA:57,15,0,0
BRDA:57,15,1,0
BRDA:58,16,0,0
BRDA:58,16,1,0
BRDA:59,17,0,0
BRDA:59,17,1,0
BRDA:62,18,0,0
BRDA:62,18,1,0
BRDA:63,19,0,0
BRDA:63,19,1,0
BRDA:65,20,0,0
BRDA:65,20,1,0
BRF:42
BRH:0
end_of_record
TN:
SF:src\app\api\admin\db-cleanup\route.ts
FN:28,(anonymous_4)
FN:37,(anonymous_5)
FN:45,(anonymous_6)
FN:56,(anonymous_7)
FN:66,(anonymous_8)
FN:73,(anonymous_9)
FN:76,isAdmin
FN:90,GET
FN:98,(anonymous_12)
FN:106,(anonymous_13)
FN:109,(anonymous_14)
FN:137,POST
FN:145,(anonymous_16)
FN:153,(anonymous_17)
FN:156,(anonymous_18)
FNF:15
FNH:0
FNDA:0,(anonymous_4)
FNDA:0,(anonymous_5)
FNDA:0,(anonymous_6)
FNDA:0,(anonymous_7)
FNDA:0,(anonymous_8)
FNDA:0,(anonymous_9)
FNDA:0,isAdmin
FNDA:0,GET
FNDA:0,(anonymous_12)
FNDA:0,(anonymous_13)
FNDA:0,(anonymous_14)
FNDA:0,POST
FNDA:0,(anonymous_16)
FNDA:0,(anonymous_17)
FNDA:0,(anonymous_18)
DA:4,0
DA:5,0
DA:9,0
DA:10,0
DA:11,0
DA:12,0
DA:15,0
DA:18,0
DA:28,0
DA:29,0
DA:31,0
DA:32,0
DA:35,0
DA:36,0
DA:37,0
DA:40,0
DA:43,0
DA:45,0
DA:51,0
DA:52,0
DA:55,0
DA:56,0
DA:62,0
DA:65,0
DA:66,0
DA:73,0
DA:77,0
DA:78,0
DA:79,0
DA:80,0
DA:82,0
DA:83,0
DA:85,0
DA:90,0
DA:91,0
DA:92,0
DA:93,0
DA:97,0
DA:98,0
DA:99,0
DA:100,0
DA:103,0
DA:104,0
DA:105,0
DA:106,0
DA:108,0
DA:109,0
DA:110,0
DA:114,0
DA:117,0
DA:121,0
DA:131,0
DA:132,0
DA:137,0
DA:138,0
DA:139,0
DA:140,0
DA:144,0
DA:145,0
DA:146,0
DA:147,0
DA:150,0
DA:151,0
DA:152,0
DA:153,0
DA:155,0
DA:156,0
DA:159,0
DA:160,0
DA:161,0
DA:165,0
DA:167,0
DA:171,0
DA:175,0
DA:179,0
DA:182,0
DA:185,0
DA:193,0
DA:194,0
LF:79
LH:0
BRDA:31,0,0,0
BRDA:31,0,1,0
BRDA:35,1,0,0
BRDA:35,1,1,0
BRDA:37,2,0,0
BRDA:37,2,1,0
BRDA:43,3,0,0
BRDA:43,3,1,0
BRDA:45,4,0,0
BRDA:45,4,1,0
BRDA:51,5,0,0
BRDA:51,5,1,0
BRDA:55,6,0,0
BRDA:55,6,1,0
BRDA:56,7,0,0
BRDA:56,7,1,0
BRDA:65,8,0,0
BRDA:65,8,1,0
BRDA:66,9,0,0
BRDA:66,9,1,0
BRDA:80,10,0,0
BRDA:80,10,1,0
BRDA:92,11,0,0
BRDA:92,11,1,0
BRDA:106,12,0,0
BRDA:106,12,1,0
BRDA:108,13,0,0
BRDA:108,13,1,0
BRDA:139,14,0,0
BRDA:139,14,1,0
BRDA:153,15,0,0
BRDA:153,15,1,0
BRDA:155,16,0,0
BRDA:155,16,1,0
BRDA:160,17,0,0
BRDA:160,17,1,0
BRDA:165,18,0,0
BRDA:165,18,1,0
BRDA:171,19,0,0
BRDA:171,19,1,0
BRF:40
BRH:0
end_of_record
TN:
SF:src\app\api\admin\force-logout\route.ts
FN:12,(anonymous_4)
FN:15,isAdmin
FN:29,POST
FN:59,(anonymous_7)
FN:86,GET
FNF:5
FNH:0
FNDA:0,(anonymous_4)
FNDA:0,isAdmin
FNDA:0,POST
FNDA:0,(anonymous_7)
FNDA:0,GET
DA:2,0
DA:3,0
DA:4,0
DA:5,0
DA:6,0
DA:9,0
DA:12,0
DA:16,0
DA:17,0
DA:18,0
DA:19,0
DA:21,0
DA:22,0
DA:24,0
DA:29,0
DA:30,0
DA:32,0
DA:33,0
DA:34,0
DA:37,0
DA:38,0
DA:40,0
DA:41,0
DA:45,0
DA:46,0
DA:47,0
DA:50,0
DA:58,0
DA:59,0
DA:60,0
DA:63,0
DA:64,0
DA:65,0
DA:69,0
DA:71,0
DA:81,0
DA:86,0
DA:87,0
DA:88,0
DA:89,0
DA:90,0
DA:93,0
DA:94,0
DA:96,0
DA:97,0
DA:100,0
DA:101,0
DA:102,0
DA:105,0
DA:114,0
LF:50
LH:0
BRDA:19,0,0,0
BRDA:19,0,1,0
BRDA:33,1,0,0
BRDA:33,1,1,0
BRDA:40,2,0,0
BRDA:40,2,1,0
BRDA:46,3,0,0
BRDA:46,3,1,0
BRDA:60,4,0,0
BRDA:60,4,1,0
BRDA:89,5,0,0
BRDA:89,5,1,0
BRDA:96,6,0,0
BRDA:96,6,1,0
BRDA:101,7,0,0
BRDA:101,7,1,0
BRDA:109,8,0,0
BRDA:109,8,1,0
BRDA:110,9,0,0
BRDA:110,9,1,0
BRF:20
BRH:0
end_of_record
TN:
SF:src\app\api\admin\industries\route.ts
FN:6,POST
FN:52,PUT
FN:105,DELETE
FNF:3
FNH:0
FNDA:0,POST
FNDA:0,PUT
FNDA:0,DELETE
DA:1,0
DA:2,0
DA:4,0
DA:6,0
DA:7,0
DA:8,0
DA:9,0
DA:11,0
DA:13,0
DA:31,0
DA:32,0
DA:33,0
DA:39,0
DA:44,0
DA:45,0
DA:52,0
DA:53,0
DA:54,0
DA:55,0
DA:57,0
DA:58,0
DA:64,0
DA:66,0
DA:84,0
DA:85,0
DA:86,0
DA:92,0
DA:97,0
DA:98,0
DA:105,0
DA:106,0
DA:107,0
DA:108,0
DA:110,0
DA:111,0
DA:117,0
DA:119,0
DA:124,0
DA:125,0
DA:126,0
DA:132,0
DA:136,0
DA:137,0
LF:43
LH:0
BRDA:22,0,0,0
BRDA:22,0,1,0
BRDA:23,1,0,0
BRDA:23,1,1,0
BRDA:24,2,0,0
BRDA:24,2,1,0
BRDA:31,3,0,0
BRDA:31,3,1,0
BRDA:57,4,0,0
BRDA:57,4,1,0
BRDA:84,5,0,0
BRDA:84,5,1,0
BRDA:110,6,0,0
BRDA:110,6,1,0
BRDA:124,7,0,0
BRDA:124,7,1,0
BRF:16
BRH:0
end_of_record
TN:
SF:src\app\api\admin\modules\route.ts
FN:7,GET
FN:16,(anonymous_4)
FN:17,(anonymous_5)
FN:34,POST
FNF:4
FNH:0
FNDA:0,GET
FNDA:0,(anonymous_4)
FNDA:0,(anonymous_5)
FNDA:0,POST
DA:2,0
DA:3,0
DA:4,0
DA:7,0
DA:8,0
DA:9,0
DA:10,0
DA:11,0
DA:14,0
DA:15,0
DA:16,0
DA:17,0
DA:20,0
DA:25,0
DA:26,0
DA:34,0
DA:35,0
DA:36,0
DA:37,0
DA:38,0
DA:41,0
DA:42,0
DA:44,0
DA:45,0
DA:51,0
DA:53,0
DA:54,0
DA:55,0
DA:57,0
DA:64,0
DA:73,0
DA:74,0
DA:76,0
DA:77,0
DA:82,0
DA:85,0
DA:90,0
DA:91,0
LF:38
LH:0
BRDA:10,0,0,0
BRDA:10,0,1,0
BRDA:37,1,0,0
BRDA:37,1,1,0
BRDA:44,2,0,0
BRDA:44,2,1,0
BRDA:44,3,0,0
BRDA:44,3,1,0
BRDA:51,4,0,0
BRDA:51,4,1,0
BRDA:55,5,0,0
BRDA:55,5,1,0
BRDA:66,6,0,0
BRDA:66,6,1,0
BRDA:67,7,0,0
BRDA:67,7,1,0
BRDA:68,8,0,0
BRDA:68,8,1,0
BRDA:74,9,0,0
BRDA:74,9,1,0
BRF:20
BRH:0
end_of_record
TN:
SF:src\app\api\auth\consultant-login\route.ts
FN:14,(anonymous_2)
FN:16,POST
FN:38,(anonymous_4)
FN:78,(anonymous_5)
FNF:4
FNH:0
FNDA:0,(anonymous_2)
FNDA:0,POST
FNDA:0,(anonymous_4)
FNDA:0,(anonymous_5)
DA:3,0
DA:4,0
DA:5,0
DA:6,0
DA:7,0
DA:8,0
DA:10,0
DA:11,0
DA:14,0
DA:16,0
DA:17,0
DA:18,0
DA:19,0
DA:22,0
DA:23,0
DA:29,0
DA:30,0
DA:37,0
DA:38,0
DA:39,0
DA:40,0
DA:41,0
DA:43,0
DA:44,0
DA:45,0
DA:46,0
DA:48,0
DA:51,0
DA:52,0
DA:59,0
DA:60,0
DA:68,0
DA:69,0
DA:70,0
DA:77,0
DA:78,0
DA:80,0
DA:81,0
DA:88,0
DA:100,0
DA:101,0
DA:110,0
DA:114,0
DA:134,0
DA:135,0
LF:45
LH:0
BRDA:22,0,0,0
BRDA:22,0,1,0
BRDA:22,1,0,0
BRDA:22,1,1,0
BRDA:29,2,0,0
BRDA:29,2,1,0
BRDA:39,3,0,0
BRDA:39,3,1,0
BRDA:41,4,0,0
BRDA:41,4,1,0
BRDA:43,5,0,0
BRDA:43,5,1,0
BRDA:45,6,0,0
BRDA:45,6,1,0
BRDA:46,7,0,0
BRDA:46,7,1,0
BRDA:51,8,0,0
BRDA:51,8,1,0
BRDA:59,9,0,0
BRDA:59,9,1,0
BRDA:69,10,0,0
BRDA:69,10,1,0
BRDA:80,11,0,0
BRDA:80,11,1,0
BRF:24
BRH:0
end_of_record
TN:
SF:src\app\api\auth\consultant-logout\route.ts
FN:5,POST
FNF:1
FNH:0
FNDA:0,POST
DA:2,0
DA:3,0
DA:5,0
DA:6,0
DA:7,0
DA:10,0
DA:18,0
DA:20,0
DA:21,0
LF:9
LH:0
BRF:0
BRH:0
end_of_record
TN:
SF:src\app\api\auth\consultant-session\route.ts
FN:12,(anonymous_1)
FN:14,GET
FNF:2
FNH:0
FNDA:0,(anonymous_1)
FNDA:0,GET
DA:2,0
DA:3,0
DA:4,0
DA:5,0
DA:6,0
DA:8,0
DA:9,0
DA:12,0
DA:14,0
DA:15,0
DA:16,0
DA:17,0
DA:19,0
DA:20,0
DA:27,0
DA:29,0
DA:30,0
DA:33,0
DA:34,0
DA:35,0
DA:42,0
DA:44,0
DA:69,0
DA:70,0
LF:24
LH:0
BRDA:19,0,0,0
BRDA:19,0,1,0
BRDA:34,1,0,0
BRDA:34,1,1,0
BRDA:34,2,0,0
BRDA:34,2,1,0
BRDA:62,3,0,0
BRDA:62,3,1,0
BRF:8
BRH:0
end_of_record
TN:
SF:src\app\api\auth\forgot-password\route.ts
FN:7,POST
FN:22,(anonymous_3)
FN:60,(anonymous_4)
FNF:3
FNH:0
FNDA:0,POST
FNDA:0,(anonymous_3)
FNDA:0,(anonymous_4)
DA:2,0
DA:3,0
DA:4,0
DA:5,0
DA:7,0
DA:8,0
DA:9,0
DA:11,0
DA:12,0
DA:18,0
DA:21,0
DA:22,0
DA:23,0
DA:26,0
DA:27,0
DA:28,0
DA:29,0
DA:30,0
DA:31,0
DA:37,0
DA:38,0
DA:41,0
DA:50,0
DA:52,0
DA:59,0
DA:60,0
DA:61,0
DA:64,0
DA:66,0
DA:67,0
DA:69,0
DA:78,0
DA:80,0
DA:89,0
DA:95,0
DA:96,0
LF:36
LH:0
BRDA:11,0,0,0
BRDA:11,0,1,0
BRDA:23,1,0,0
BRDA:23,1,1,0
BRDA:26,2,0,0
BRDA:26,2,1,0
BRDA:27,3,0,0
BRDA:27,3,1,0
BRDA:30,4,0,0
BRDA:30,4,1,0
BRDA:31,5,0,0
BRDA:31,5,1,0
BRDA:61,6,0,0
BRDA:61,6,1,0
BRDA:64,7,0,0
BRDA:64,7,1,0
BRDA:82,8,0,0
BRDA:82,8,1,0
BRF:18
BRH:0
end_of_record
TN:
SF:src\app\api\auth\login\route.ts
FN:14,POST
FNF:1
FNH:0
FNDA:0,POST
DA:1,0
DA:6,0
DA:11,0
DA:12,0
DA:14,0
DA:15,0
DA:16,0
DA:19,0
DA:20,0
DA:23,0
DA:26,0
DA:29,0
DA:38,0
DA:40,0
DA:41,0
DA:48,0
DA:51,0
DA:53,0
DA:58,0
DA:59,0
LF:20
LH:0
BRDA:20,0,0,0
BRDA:20,0,1,0
BRDA:32,1,0,0
BRDA:32,1,1,0
BRDA:40,2,0,0
BRDA:40,2,1,0
BRF:6
BRH:0
end_of_record
TN:
SF:src\app\api\auth\logout\route.ts
FN:12,POST
FNF:1
FNH:0
FNDA:0,POST
DA:1,0
DA:2,0
DA:5,0
DA:12,0
DA:13,0
DA:14,0
DA:17,0
DA:18,0
DA:21,0
DA:26,0
DA:27,0
LF:11
LH:0
BRF:0
BRH:0
end_of_record
TN:
SF:src\app\api\auth\owner-login\route.ts
FN:23,POST
FN:60,(anonymous_5)
FN:66,(anonymous_6)
FN:128,(anonymous_7)
FN:158,(anonymous_8)
FN:179,(anonymous_9)
FN:229,(anonymous_10)
FNF:7
FNH:0
FNDA:0,POST
FNDA:0,(anonymous_5)
FNDA:0,(anonymous_6)
FNDA:0,(anonymous_7)
FNDA:0,(anonymous_8)
FNDA:0,(anonymous_9)
FNDA:0,(anonymous_10)
DA:7,0
DA:8,0
DA:9,0
DA:10,0
DA:11,0
DA:12,0
DA:13,0
DA:14,0
DA:15,0
DA:16,0
DA:19,0
DA:20,0
DA:21,0
DA:23,0
DA:24,0
DA:26,0
DA:27,0
DA:32,0
DA:33,0
DA:34,0
DA:46,0
DA:49,0
DA:50,0
DA:51,0
DA:57,0
DA:60,0
DA:65,0
DA:66,0
DA:68,0
DA:69,0
DA:72,0
DA:73,0
DA:74,0
DA:75,0
DA:84,0
DA:85,0
DA:87,0
DA:88,0
DA:89,0
DA:91,0
DA:92,0
DA:93,0
DA:94,0
DA:95,0
DA:96,0
DA:99,0
DA:103,0
DA:104,0
DA:119,0
DA:122,0
DA:128,0
DA:130,0
DA:132,0
DA:139,0
DA:147,0
DA:156,0
DA:157,0
DA:158,0
DA:160,0
DA:161,0
DA:173,0
DA:174,0
DA:175,0
DA:176,0
DA:177,0
DA:178,0
DA:179,0
DA:184,0
DA:188,0
DA:189,0
DA:190,0
DA:191,0
DA:193,0
DA:194,0
DA:195,0
DA:196,0
DA:197,0
DA:198,0
DA:201,0
DA:204,0
DA:205,0
DA:221,0
DA:223,0
DA:229,0
DA:231,0
DA:233,0
DA:240,0
DA:248,0
DA:256,0
DA:261,0
DA:262,0
LF:91
LH:0
BRDA:27,0,0,0
BRDA:27,0,1,0
BRDA:27,0,2,0
BRDA:33,1,0,0
BRDA:33,1,1,0
BRDA:39,2,0,0
BRDA:39,2,1,0
BRDA:50,3,0,0
BRDA:50,3,1,0
BRDA:68,4,0,0
BRDA:68,4,1,0
BRDA:72,5,0,0
BRDA:72,5,1,0
BRDA:74,6,0,0
BRDA:74,6,1,0
BRDA:85,7,0,0
BRDA:85,7,1,0
BRDA:87,8,0,0
BRDA:87,8,1,0
BRDA:93,9,0,0
BRDA:93,9,1,0
BRDA:94,10,0,0
BRDA:94,10,1,0
BRDA:95,11,0,0
BRDA:95,11,1,0
BRDA:96,12,0,0
BRDA:96,12,1,0
BRDA:158,13,0,0
BRDA:158,13,1,0
BRDA:160,14,0,0
BRDA:160,14,1,0
BRDA:162,15,0,0
BRDA:162,15,1,0
BRDA:163,16,0,0
BRDA:163,16,1,0
BRDA:163,16,2,0
BRDA:164,17,0,0
BRDA:164,17,1,0
BRDA:165,18,0,0
BRDA:165,18,1,0
BRDA:166,19,0,0
BRDA:166,19,1,0
BRDA:167,20,0,0
BRDA:167,20,1,0
BRDA:168,21,0,0
BRDA:168,21,1,0
BRDA:169,22,0,0
BRDA:169,22,1,0
BRDA:169,22,2,0
BRDA:170,23,0,0
BRDA:170,23,1,0
BRDA:170,23,2,0
BRDA:173,24,0,0
BRDA:173,24,1,0
BRDA:175,25,0,0
BRDA:175,25,1,0
BRDA:176,26,0,0
BRDA:176,26,1,0
BRDA:195,27,0,0
BRDA:195,27,1,0
BRDA:196,28,0,0
BRDA:196,28,1,0
BRDA:197,29,0,0
BRDA:197,29,1,0
BRDA:198,30,0,0
BRDA:198,30,1,0
BRF:66
BRH:0
end_of_record
TN:
SF:src\app\api\auth\register\route.ts
FN:19,POST
FN:59,(anonymous_5)
FN:79,(anonymous_6)
FN:83,(anonymous_7)
FN:93,(anonymous_8)
FNF:5
FNH:0
FNDA:0,POST
FNDA:0,(anonymous_5)
FNDA:0,(anonymous_6)
FNDA:0,(anonymous_7)
FNDA:0,(anonymous_8)
DA:6,0
DA:7,0
DA:8,0
DA:9,0
DA:10,0
DA:11,0
DA:12,0
DA:13,0
DA:16,0
DA:17,0
DA:19,0
DA:20,0
DA:22,0
DA:23,0
DA:28,0
DA:29,0
DA:30,0
DA:42,0
DA:45,0
DA:46,0
DA:48,0
DA:57,0
DA:58,0
DA:59,0
DA:60,0
DA:76,0
DA:79,0
DA:82,0
DA:83,0
DA:84,0
DA:85,0
DA:92,0
DA:93,0
DA:94,0
DA:95,0
DA:102,0
DA:105,0
DA:106,0
DA:107,0
DA:108,0
DA:109,0
DA:114,0
DA:115,0
DA:118,0
DA:124,0
DA:127,0
DA:161,0
DA:169,0
DA:170,0
DA:183,0
DA:186,0
DA:194,0
DA:202,0
DA:204,0
DA:205,0
LF:55
LH:0
BRDA:23,0,0,0
BRDA:23,0,1,0
BRDA:23,0,2,0
BRDA:29,1,0,0
BRDA:29,1,1,0
BRDA:35,2,0,0
BRDA:35,2,1,0
BRDA:45,3,0,0
BRDA:45,3,1,0
BRDA:45,4,0,0
BRDA:45,4,1,0
BRDA:58,5,0,0
BRDA:58,5,1,0
BRDA:84,6,0,0
BRDA:84,6,1,0
BRDA:94,7,0,0
BRDA:94,7,1,0
BRDA:106,8,0,0
BRDA:106,8,1,0
BRDA:114,9,0,0
BRDA:114,9,1,0
BRDA:114,10,0,0
BRDA:114,10,1,0
BRDA:114,10,2,0
BRDA:114,10,3,0
BRDA:124,11,0,0
BRDA:124,11,1,0
BRDA:132,12,0,0
BRDA:132,12,1,0
BRDA:133,13,0,0
BRDA:133,13,1,0
BRDA:146,14,0,0
BRDA:146,14,1,0
BRDA:147,15,0,0
BRDA:147,15,1,0
BRDA:148,16,0,0
BRDA:148,16,1,0
BRDA:209,17,0,0
BRDA:209,17,1,0
BRF:39
BRH:0
end_of_record
TN:
SF:src\app\api\auth\reset-password\route.ts
FN:6,POST
FN:26,(anonymous_4)
FN:55,(anonymous_5)
FN:96,GET
FN:109,(anonymous_7)
FNF:5
FNH:0
FNDA:0,POST
FNDA:0,(anonymous_4)
FNDA:0,(anonymous_5)
FNDA:0,GET
FNDA:0,(anonymous_7)
DA:2,0
DA:3,0
DA:4,0
DA:6,0
DA:7,0
DA:8,0
DA:10,0
DA:11,0
DA:17,0
DA:18,0
DA:25,0
DA:26,0
DA:27,0
DA:31,0
DA:32,0
DA:39,0
DA:40,0
DA:41,0
DA:47,0
DA:48,0
DA:51,0
DA:53,0
DA:54,0
DA:55,0
DA:57,0
DA:58,0
DA:63,0
DA:65,0
DA:66,0
DA:67,0
DA:76,0
DA:81,0
DA:87,0
DA:88,0
DA:96,0
DA:97,0
DA:98,0
DA:99,0
DA:101,0
DA:102,0
DA:108,0
DA:109,0
DA:110,0
DA:114,0
DA:115,0
DA:118,0
DA:119,0
DA:120,0
DA:123,0
DA:129,0
DA:130,0
LF:51
LH:0
BRDA:10,0,0,0
BRDA:10,0,1,0
BRDA:10,1,0,0
BRDA:10,1,1,0
BRDA:17,2,0,0
BRDA:17,2,1,0
BRDA:27,3,0,0
BRDA:27,3,1,0
BRDA:31,4,0,0
BRDA:31,4,1,0
BRDA:40,5,0,0
BRDA:40,5,1,0
BRDA:53,6,0,0
BRDA:53,6,1,0
BRDA:55,7,0,0
BRDA:55,7,1,0
BRDA:57,8,0,0
BRDA:57,8,1,0
BRDA:63,9,0,0
BRDA:63,9,1,0
BRDA:66,10,0,0
BRDA:66,10,1,0
BRDA:101,11,0,0
BRDA:101,11,1,0
BRDA:110,12,0,0
BRDA:110,12,1,0
BRDA:114,13,0,0
BRDA:114,13,1,0
BRDA:119,14,0,0
BRDA:119,14,1,0
BRF:30
BRH:0
end_of_record
TN:
SF:src\app\api\auth\session\route.ts
FN:4,GET
FNF:1
FNH:0
FNDA:0,GET
DA:1,0
DA:2,0
DA:4,0
DA:5,0
DA:6,0
DA:7,0
DA:9,0
LF:7
LH:0
BRDA:6,0,0,0
BRDA:6,0,1,0
BRF:2
BRH:0
end_of_record
TN:
SF:src\app\api\auth\staff-login\route.ts
FN:20,(anonymous_1)
FN:22,POST
FNF:2
FNH:0
FNDA:0,(anonymous_1)
FNDA:0,POST
DA:8,0
DA:9,0
DA:10,0
DA:11,0
DA:12,0
DA:13,0
DA:16,0
DA:17,0
DA:20,0
DA:22,0
DA:23,0
DA:25,0
DA:26,0
DA:29,0
DA:32,0
DA:33,0
DA:36,0
DA:37,0
DA:44,0
DA:46,0
DA:47,0
DA:54,0
DA:55,0
DA:62,0
DA:63,0
DA:64,0
DA:70,0
DA:71,0
DA:72,0
DA:73,0
DA:78,0
DA:83,0
DA:84,0
DA:85,0
DA:87,0
DA:88,0
DA:89,0
DA:90,0
DA:91,0
DA:92,0
DA:95,0
DA:99,0
DA:116,0
DA:128,0
DA:135,0
DA:143,0
DA:145,0
DA:146,0
LF:48
LH:0
BRDA:26,0,0,0
BRDA:26,0,1,0
BRDA:26,0,2,0
BRDA:29,1,0,0
BRDA:29,1,1,0
BRDA:36,2,0,0
BRDA:36,2,1,0
BRDA:36,3,0,0
BRDA:36,3,1,0
BRDA:36,3,2,0
BRDA:46,4,0,0
BRDA:46,4,1,0
BRDA:54,5,0,0
BRDA:54,5,1,0
BRDA:63,6,0,0
BRDA:63,6,1,0
BRDA:70,7,0,0
BRDA:70,7,1,0
BRDA:89,8,0,0
BRDA:89,8,1,0
BRDA:90,9,0,0
BRDA:90,9,1,0
BRDA:91,10,0,0
BRDA:91,10,1,0
BRDA:92,11,0,0
BRDA:92,11,1,0
BRF:26
BRH:0
end_of_record
TN:
SF:src\app\api\beauty\analytics\route.ts
FN:15,(anonymous_3)
FN:18,getBusinessId
FN:32,GET
FN:43,(anonymous_6)
FN:47,(anonymous_7)
FN:48,(anonymous_8)
FN:49,(anonymous_9)
FN:53,(anonymous_10)
FN:56,(anonymous_11)
FN:59,(anonymous_12)
FN:62,(anonymous_13)
FN:62,(anonymous_14)
FN:63,(anonymous_15)
FN:68,(anonymous_16)
FN:68,(anonymous_17)
FN:69,(anonymous_18)
FN:72,(anonymous_19)
FN:76,(anonymous_20)
FN:78,(anonymous_21)
FN:82,(anonymous_22)
FN:83,(anonymous_23)
FN:85,(anonymous_24)
FN:92,(anonymous_25)
FN:97,(anonymous_26)
FN:103,(anonymous_27)
FNF:25
FNH:0
FNDA:0,(anonymous_3)
FNDA:0,getBusinessId
FNDA:0,GET
FNDA:0,(anonymous_6)
FNDA:0,(anonymous_7)
FNDA:0,(anonymous_8)
FNDA:0,(anonymous_9)
FNDA:0,(anonymous_10)
FNDA:0,(anonymous_11)
FNDA:0,(anonymous_12)
FNDA:0,(anonymous_13)
FNDA:0,(anonymous_14)
FNDA:0,(anonymous_15)
FNDA:0,(anonymous_16)
FNDA:0,(anonymous_17)
FNDA:0,(anonymous_18)
FNDA:0,(anonymous_19)
FNDA:0,(anonymous_20)
FNDA:0,(anonymous_21)
FNDA:0,(anonymous_22)
FNDA:0,(anonymous_23)
FNDA:0,(anonymous_24)
FNDA:0,(anonymous_25)
FNDA:0,(anonymous_26)
FNDA:0,(anonymous_27)
DA:2,0
DA:3,0
DA:4,0
DA:5,0
DA:6,0
DA:8,0
DA:10,0
DA:11,0
DA:12,0
DA:15,0
DA:19,0
DA:20,0
DA:21,0
DA:22,0
DA:24,0
DA:25,0
DA:27,0
DA:32,0
DA:33,0
DA:34,0
DA:35,0
DA:36,0
DA:40,0
DA:43,0
DA:47,0
DA:48,0
DA:49,0
DA:52,0
DA:53,0
DA:55,0
DA:56,0
DA:58,0
DA:59,0
DA:62,0
DA:63,0
DA:64,0
DA:65,0
DA:68,0
DA:69,0
DA:72,0
DA:76,0
DA:78,0
DA:81,0
DA:82,0
DA:83,0
DA:85,0
DA:92,0
DA:96,0
DA:98,0
DA:99,0
DA:100,0
DA:103,0
DA:112,0
DA:144,0
DA:145,0
LF:55
LH:0
BRDA:22,0,0,0
BRDA:22,0,1,0
BRDA:25,1,0,0
BRDA:25,1,1,0
BRDA:35,2,0,0
BRDA:35,2,1,0
BRDA:63,3,0,0
BRDA:63,3,1,0
BRDA:64,4,0,0
BRDA:64,4,1,0
BRDA:65,5,0,0
BRDA:65,5,1,0
BRDA:69,6,0,0
BRDA:69,6,1,0
BRDA:75,7,0,0
BRDA:75,7,1,0
BRDA:83,8,0,0
BRDA:83,8,1,0
BRDA:83,9,0,0
BRDA:83,9,1,0
BRDA:89,10,0,0
BRDA:89,10,1,0
BRDA:92,11,0,0
BRDA:92,11,1,0
BRDA:98,12,0,0
BRDA:98,12,1,0
BRDA:99,13,0,0
BRDA:99,13,1,0
BRDA:107,14,0,0
BRDA:107,14,1,0
BRF:30
BRH:0
end_of_record
TN:
SF:src\app\api\beauty\appointments\route.ts
FN:7,GET
FN:22,(anonymous_5)
FN:25,(anonymous_6)
FN:29,(anonymous_7)
FN:33,(anonymous_8)
FN:47,POST
FN:91,(anonymous_10)
FN:98,(anonymous_11)
FN:142,PUT
FNF:9
FNH:0
FNDA:0,GET
FNDA:0,(anonymous_5)
FNDA:0,(anonymous_6)
FNDA:0,(anonymous_7)
FNDA:0,(anonymous_8)
FNDA:0,POST
FNDA:0,(anonymous_10)
FNDA:0,(anonymous_11)
FNDA:0,PUT
DA:2,0
DA:3,0
DA:4,0
DA:5,0
DA:7,0
DA:8,0
DA:9,0
DA:10,0
DA:11,0
DA:12,0
DA:14,0
DA:15,0
DA:19,0
DA:22,0
DA:24,0
DA:25,0
DA:28,0
DA:29,0
DA:33,0
DA:34,0
DA:35,0
DA:36,0
DA:39,0
DA:42,0
DA:43,0
DA:47,0
DA:48,0
DA:49,0
DA:50,0
DA:52,0
DA:53,0
DA:57,0
DA:58,0
DA:59,0
DA:65,0
DA:68,0
DA:69,0
DA:70,0
DA:74,0
DA:75,0
DA:76,0
DA:77,0
DA:78,0
DA:83,0
DA:84,0
DA:85,0
DA:86,0
DA:89,0
DA:90,0
DA:91,0
DA:92,0
DA:98,0
DA:99,0
DA:100,0
DA:102,0
DA:105,0
DA:106,0
DA:113,0
DA:132,0
DA:134,0
DA:137,0
DA:138,0
DA:142,0
DA:143,0
DA:144,0
DA:145,0
DA:147,0
DA:148,0
DA:152,0
DA:153,0
DA:154,0
DA:158,0
DA:159,0
DA:160,0
DA:163,0
DA:164,0
DA:168,0
DA:169,0
DA:171,0
DA:173,0
DA:176,0
DA:177,0
LF:82
LH:0
BRDA:14,0,0,0
BRDA:14,0,1,0
BRDA:24,1,0,0
BRDA:24,1,1,0
BRDA:28,2,0,0
BRDA:28,2,1,0
BRDA:52,3,0,0
BRDA:52,3,1,0
BRDA:58,4,0,0
BRDA:58,4,1,0
BRDA:69,5,0,0
BRDA:69,5,1,0
BRDA:75,6,0,0
BRDA:75,6,1,0
BRDA:75,7,0,0
BRDA:75,7,1,0
BRDA:77,8,0,0
BRDA:77,8,1,0
BRDA:77,9,0,0
BRDA:77,9,1,0
BRDA:89,10,0,0
BRDA:89,10,1,0
BRDA:89,11,0,0
BRDA:89,11,1,0
BRDA:92,12,0,0
BRDA:92,12,1,0
BRDA:92,12,2,0
BRDA:92,12,3,0
BRDA:102,13,0,0
BRDA:102,13,1,0
BRDA:105,14,0,0
BRDA:105,14,1,0
BRDA:127,15,0,0
BRDA:127,15,1,0
BRDA:147,16,0,0
BRDA:147,16,1,0
BRDA:147,17,0,0
BRDA:147,17,1,0
BRDA:147,17,2,0
BRDA:153,18,0,0
BRDA:153,18,1,0
BRDA:159,19,0,0
BRDA:159,19,1,0
BRDA:163,20,0,0
BRDA:163,20,1,0
BRDA:169,21,0,0
BRDA:169,21,1,0
BRF:47
BRH:0
end_of_record
TN:
SF:src\app\api\beauty\availability\route.ts
FN:7,getDayName
FN:14,timeToMinutes
FN:20,minutesToTime
FN:26,GET
FN:67,(anonymous_5)
FN:78,(anonymous_6)
FN:81,(anonymous_7)
FN:92,(anonymous_8)
FN:125,(anonymous_9)
FN:126,(anonymous_10)
FN:135,(anonymous_11)
FNF:11
FNH:0
FNDA:0,getDayName
FNDA:0,timeToMinutes
FNDA:0,minutesToTime
FNDA:0,GET
FNDA:0,(anonymous_5)
FNDA:0,(anonymous_6)
FNDA:0,(anonymous_7)
FNDA:0,(anonymous_8)
FNDA:0,(anonymous_9)
FNDA:0,(anonymous_10)
FNDA:0,(anonymous_11)
DA:2,0
DA:3,0
DA:4,0
DA:8,0
DA:9,0
DA:10,0
DA:15,0
DA:16,0
DA:21,0
DA:22,0
DA:23,0
DA:26,0
DA:27,0
DA:28,0
DA:29,0
DA:30,0
DA:31,0
DA:32,0
DA:34,0
DA:35,0
DA:39,0
DA:40,0
DA:41,0
DA:44,0
DA:45,0
DA:47,0
DA:48,0
DA:52,0
DA:53,0
DA:54,0
DA:56,0
DA:57,0
DA:66,0
DA:67,0
DA:68,0
DA:75,0
DA:76,0
DA:77,0
DA:78,0
DA:79,0
DA:81,0
DA:83,0
DA:86,0
DA:88,0
DA:92,0
DA:97,0
DA:99,0
DA:100,0
DA:101,0
DA:106,0
DA:108,0
DA:109,0
DA:110,0
DA:111,0
DA:113,0
DA:120,0
DA:121,0
DA:125,0
DA:126,0
DA:127,0
DA:130,0
DA:133,0
DA:135,0
DA:139,0
DA:140,0
LF:65
LH:0
BRDA:31,0,0,0
BRDA:31,0,1,0
BRDA:34,1,0,0
BRDA:34,1,1,0
BRDA:34,2,0,0
BRDA:34,2,1,0
BRDA:40,3,0,0
BRDA:40,3,1,0
BRDA:41,4,0,0
BRDA:41,4,1,0
BRDA:47,5,0,0
BRDA:47,5,1,0
BRDA:47,6,0,0
BRDA:47,6,1,0
BRDA:47,6,2,0
BRDA:68,7,0,0
BRDA:68,7,1,0
BRDA:68,7,2,0
BRDA:68,7,3,0
BRDA:76,8,0,0
BRDA:76,8,1,0
BRDA:76,9,0,0
BRDA:76,9,1,0
BRDA:79,10,0,0
BRDA:79,10,1,0
BRDA:86,11,0,0
BRDA:86,11,1,0
BRDA:106,12,0,0
BRDA:106,12,1,0
BRDA:108,13,0,0
BRDA:108,13,1,0
BRDA:109,14,0,0
BRDA:109,14,1,0
BRDA:109,15,0,0
BRDA:109,15,1,0
BRDA:111,16,0,0
BRDA:111,16,1,0
BRDA:120,17,0,0
BRDA:120,17,1,0
BRDA:120,18,0,0
BRDA:120,18,1,0
BRF:41
BRH:0
end_of_record
TN:
SF:src\app\api\beauty\categories\route.ts
FN:24,mapCategory
FN:39,(anonymous_6)
FN:42,getBusinessId
FN:56,GET
FN:82,POST
FN:93,(anonymous_10)
FN:127,PUT
FN:177,DELETE
FNF:8
FNH:0
FNDA:0,mapCategory
FNDA:0,(anonymous_6)
FNDA:0,getBusinessId
FNDA:0,GET
FNDA:0,POST
FNDA:0,(anonymous_10)
FNDA:0,PUT
FNDA:0,DELETE
DA:2,0
DA:3,0
DA:4,0
DA:5,0
DA:6,0
DA:7,0
DA:9,0
DA:25,0
DA:39,0
DA:43,0
DA:44,0
DA:45,0
DA:46,0
DA:48,0
DA:49,0
DA:51,0
DA:56,0
DA:57,0
DA:58,0
DA:59,0
DA:60,0
DA:63,0
DA:64,0
DA:70,0
DA:72,0
DA:74,0
DA:76,0
DA:77,0
DA:82,0
DA:83,0
DA:84,0
DA:85,0
DA:86,0
DA:89,0
DA:91,0
DA:92,0
DA:93,0
DA:94,0
DA:101,0
DA:103,0
DA:104,0
DA:117,0
DA:119,0
DA:121,0
DA:122,0
DA:127,0
DA:128,0
DA:129,0
DA:130,0
DA:131,0
DA:134,0
DA:135,0
DA:137,0
DA:138,0
DA:141,0
DA:143,0
DA:150,0
DA:151,0
DA:154,0
DA:155,0
DA:156,0
DA:157,0
DA:158,0
DA:159,0
DA:161,0
DA:167,0
DA:169,0
DA:171,0
DA:172,0
DA:177,0
DA:178,0
DA:179,0
DA:180,0
DA:181,0
DA:184,0
DA:185,0
DA:187,0
DA:188,0
DA:191,0
DA:193,0
DA:200,0
DA:201,0
DA:204,0
DA:210,0
DA:212,0
DA:214,0
DA:215,0
LF:87
LH:0
BRDA:46,0,0,0
BRDA:46,0,1,0
BRDA:49,1,0,0
BRDA:49,1,1,0
BRDA:59,2,0,0
BRDA:59,2,1,0
BRDA:70,3,0,0
BRDA:70,3,1,0
BRDA:72,4,0,0
BRDA:72,4,1,0
BRDA:85,5,0,0
BRDA:85,5,1,0
BRDA:92,6,0,0
BRDA:92,6,1,0
BRDA:109,7,0,0
BRDA:109,7,1,0
BRDA:110,8,0,0
BRDA:110,8,1,0
BRDA:111,9,0,0
BRDA:111,9,1,0
BRDA:117,10,0,0
BRDA:117,10,1,0
BRDA:130,11,0,0
BRDA:130,11,1,0
BRDA:137,12,0,0
BRDA:137,12,1,0
BRDA:150,13,0,0
BRDA:150,13,1,0
BRDA:150,14,0,0
BRDA:150,14,1,0
BRDA:155,15,0,0
BRDA:155,15,1,0
BRDA:156,16,0,0
BRDA:156,16,1,0
BRDA:157,17,0,0
BRDA:157,17,1,0
BRDA:158,18,0,0
BRDA:158,18,1,0
BRDA:159,19,0,0
BRDA:159,19,1,0
BRDA:167,20,0,0
BRDA:167,20,1,0
BRDA:180,21,0,0
BRDA:180,21,1,0
BRDA:187,22,0,0
BRDA:187,22,1,0
BRDA:200,23,0,0
BRDA:200,23,1,0
BRDA:200,24,0,0
BRDA:200,24,1,0
BRDA:210,25,0,0
BRDA:210,25,1,0
BRF:52
BRH:0
end_of_record
TN:
SF:src\app\api\beauty\customers\route.ts
FN:17,(anonymous_5)
FN:20,getBusinessId
FN:34,GET
FN:46,(anonymous_8)
FN:50,(anonymous_9)
FN:59,(anonymous_10)
FN:65,(anonymous_11)
FN:82,POST
FN:94,(anonymous_13)
FN:106,(anonymous_14)
FN:138,PUT
FN:154,(anonymous_16)
FN:172,DELETE
FN:188,(anonymous_18)
FNF:14
FNH:0
FNDA:0,(anonymous_5)
FNDA:0,getBusinessId
FNDA:0,GET
FNDA:0,(anonymous_8)
FNDA:0,(anonymous_9)
FNDA:0,(anonymous_10)
FNDA:0,(anonymous_11)
FNDA:0,POST
FNDA:0,(anonymous_13)
FNDA:0,(anonymous_14)
FNDA:0,PUT
FNDA:0,(anonymous_16)
FNDA:0,DELETE
FNDA:0,(anonymous_18)
DA:2,0
DA:3,0
DA:4,0
DA:10,0
DA:11,0
DA:12,0
DA:14,0
DA:17,0
DA:21,0
DA:22,0
DA:23,0
DA:24,0
DA:26,0
DA:27,0
DA:29,0
DA:34,0
DA:35,0
DA:36,0
DA:37,0
DA:38,0
DA:41,0
DA:42,0
DA:43,0
DA:45,0
DA:46,0
DA:49,0
DA:50,0
DA:51,0
DA:58,0
DA:59,0
DA:60,0
DA:65,0
DA:66,0
DA:67,0
DA:69,0
DA:70,0
DA:71,0
DA:74,0
DA:76,0
DA:77,0
DA:82,0
DA:83,0
DA:84,0
DA:85,0
DA:86,0
DA:89,0
DA:92,0
DA:93,0
DA:94,0
DA:95,0
DA:102,0
DA:105,0
DA:106,0
DA:107,0
DA:109,0
DA:110,0
DA:116,0
DA:130,0
DA:132,0
DA:133,0
DA:138,0
DA:139,0
DA:140,0
DA:141,0
DA:142,0
DA:145,0
DA:146,0
DA:148,0
DA:149,0
DA:153,0
DA:154,0
DA:155,0
DA:156,0
DA:159,0
DA:164,0
DA:166,0
DA:167,0
DA:172,0
DA:173,0
DA:174,0
DA:175,0
DA:176,0
DA:179,0
DA:180,0
DA:182,0
DA:183,0
DA:187,0
DA:188,0
DA:189,0
DA:190,0
DA:193,0
DA:195,0
DA:197,0
DA:198,0
LF:94
LH:0
BRDA:24,0,0,0
BRDA:24,0,1,0
BRDA:27,1,0,0
BRDA:27,1,1,0
BRDA:37,2,0,0
BRDA:37,2,1,0
BRDA:49,3,0,0
BRDA:49,3,1,0
BRDA:51,4,0,0
BRDA:51,4,1,0
BRDA:51,4,2,0
BRDA:58,5,0,0
BRDA:58,5,1,0
BRDA:66,6,0,0
BRDA:66,6,1,0
BRDA:66,7,0,0
BRDA:66,7,1,0
BRDA:69,8,0,0
BRDA:69,8,1,0
BRDA:70,9,0,0
BRDA:70,9,1,0
BRDA:85,10,0,0
BRDA:85,10,1,0
BRDA:93,11,0,0
BRDA:93,11,1,0
BRDA:107,12,0,0
BRDA:107,12,1,0
BRDA:109,13,0,0
BRDA:109,13,1,0
BRDA:120,14,0,0
BRDA:120,14,1,0
BRDA:121,15,0,0
BRDA:121,15,1,0
BRDA:122,16,0,0
BRDA:122,16,1,0
BRDA:141,17,0,0
BRDA:141,17,1,0
BRDA:148,18,0,0
BRDA:148,18,1,0
BRDA:155,19,0,0
BRDA:155,19,1,0
BRDA:155,20,0,0
BRDA:155,20,1,0
BRDA:175,21,0,0
BRDA:175,21,1,0
BRDA:182,22,0,0
BRDA:182,22,1,0
BRDA:189,23,0,0
BRDA:189,23,1,0
BRDA:189,24,0,0
BRDA:189,24,1,0
BRF:51
BRH:0
end_of_record
TN:
SF:src\app\api\beauty\public-services\route.ts
FN:15,GET
FN:31,(anonymous_5)
FN:51,(anonymous_6)
FN:52,(anonymous_7)
FN:56,(anonymous_8)
FN:61,(anonymous_9)
FN:65,(anonymous_10)
FNF:7
FNH:0
FNDA:0,GET
FNDA:0,(anonymous_5)
FNDA:0,(anonymous_6)
FNDA:0,(anonymous_7)
FNDA:0,(anonymous_8)
FNDA:0,(anonymous_9)
FNDA:0,(anonymous_10)
DA:4,0
DA:5,0
DA:7,0
DA:8,0
DA:10,0
DA:11,0
DA:12,0
DA:15,0
DA:16,0
DA:17,0
DA:18,0
DA:19,0
DA:21,0
DA:22,0
DA:29,0
DA:30,0
DA:31,0
DA:34,0
DA:35,0
DA:41,0
DA:44,0
DA:50,0
DA:51,0
DA:52,0
DA:55,0
DA:56,0
DA:60,0
DA:61,0
DA:65,0
DA:68,0
DA:87,0
DA:88,0
LF:32
LH:0
BRDA:21,0,0,0
BRDA:21,0,1,0
BRDA:31,1,0,0
BRDA:31,1,1,0
BRDA:34,2,0,0
BRDA:34,2,1,0
BRDA:51,3,0,0
BRDA:51,3,1,0
BRDA:52,4,0,0
BRDA:52,4,1,0
BRDA:52,5,0,0
BRDA:52,5,1,0
BRDA:56,6,0,0
BRDA:56,6,1,0
BRDA:60,7,0,0
BRDA:60,7,1,0
BRDA:60,8,0,0
BRDA:60,8,1,0
BRDA:65,9,0,0
BRDA:65,9,1,0
BRDA:65,10,0,0
BRDA:65,10,1,0
BRDA:76,11,0,0
BRDA:76,11,1,0
BRF:24
BRH:0
end_of_record
TN:
SF:src\app\api\beauty\services\route.ts
FN:28,mapService
FN:49,GET
FN:83,POST
FN:123,PUT
FN:178,DELETE
FNF:5
FNH:0
FNDA:0,mapService
FNDA:0,GET
FNDA:0,POST
FNDA:0,PUT
FNDA:0,DELETE
DA:2,0
DA:3,0
DA:4,0
DA:5,0
DA:7,0
DA:29,0
DA:49,0
DA:50,0
DA:51,0
DA:52,0
DA:53,0
DA:56,0
DA:57,0
DA:58,0
DA:60,0
DA:61,0
DA:66,0
DA:67,0
DA:70,0
DA:72,0
DA:74,0
DA:76,0
DA:78,0
DA:83,0
DA:84,0
DA:85,0
DA:86,0
DA:87,0
DA:90,0
DA:91,0
DA:93,0
DA:95,0
DA:96,0
DA:114,0
DA:116,0
DA:118,0
DA:123,0
DA:124,0
DA:125,0
DA:126,0
DA:127,0
DA:130,0
DA:131,0
DA:132,0
DA:134,0
DA:135,0
DA:138,0
DA:140,0
DA:147,0
DA:148,0
DA:151,0
DA:152,0
DA:153,0
DA:154,0
DA:155,0
DA:156,0
DA:157,0
DA:158,0
DA:159,0
DA:160,0
DA:161,0
DA:163,0
DA:169,0
DA:171,0
DA:173,0
DA:178,0
DA:179,0
DA:180,0
DA:181,0
DA:182,0
DA:185,0
DA:186,0
DA:187,0
DA:189,0
DA:190,0
DA:193,0
DA:195,0
DA:202,0
DA:203,0
DA:206,0
DA:212,0
DA:214,0
DA:216,0
LF:83
LH:0
BRDA:35,0,0,0
BRDA:35,0,1,0
BRDA:38,1,0,0
BRDA:38,1,1,0
BRDA:41,2,0,0
BRDA:41,2,1,0
BRDA:52,3,0,0
BRDA:52,3,1,0
BRDA:52,4,0,0
BRDA:52,4,1,0
BRDA:66,5,0,0
BRDA:66,5,1,0
BRDA:72,6,0,0
BRDA:72,6,1,0
BRDA:74,7,0,0
BRDA:74,7,1,0
BRDA:86,8,0,0
BRDA:86,8,1,0
BRDA:86,9,0,0
BRDA:86,9,1,0
BRDA:102,10,0,0
BRDA:102,10,1,0
BRDA:105,11,0,0
BRDA:105,11,1,0
BRDA:114,12,0,0
BRDA:114,12,1,0
BRDA:126,13,0,0
BRDA:126,13,1,0
BRDA:126,14,0,0
BRDA:126,14,1,0
BRDA:134,15,0,0
BRDA:134,15,1,0
BRDA:147,16,0,0
BRDA:147,16,1,0
BRDA:147,17,0,0
BRDA:147,17,1,0
BRDA:152,18,0,0
BRDA:152,18,1,0
BRDA:153,19,0,0
BRDA:153,19,1,0
BRDA:154,20,0,0
BRDA:154,20,1,0
BRDA:155,21,0,0
BRDA:155,21,1,0
BRDA:156,22,0,0
BRDA:156,22,1,0
BRDA:157,23,0,0
BRDA:157,23,1,0
BRDA:157,24,0,0
BRDA:157,24,1,0
BRDA:158,25,0,0
BRDA:158,25,1,0
BRDA:159,26,0,0
BRDA:159,26,1,0
BRDA:160,27,0,0
BRDA:160,27,1,0
BRDA:161,28,0,0
BRDA:161,28,1,0
BRDA:169,29,0,0
BRDA:169,29,1,0
BRDA:181,30,0,0
BRDA:181,30,1,0
BRDA:181,31,0,0
BRDA:181,31,1,0
BRDA:189,32,0,0
BRDA:189,32,1,0
BRDA:202,33,0,0
BRDA:202,33,1,0
BRDA:202,34,0,0
BRDA:202,34,1,0
BRDA:212,35,0,0
BRDA:212,35,1,0
BRF:72
BRH:0
end_of_record
TN:
SF:src\app\api\beauty\settings\route.ts
FN:5,GET
FN:39,POST
FNF:2
FNH:0
FNDA:0,GET
FNDA:0,POST
DA:1,0
DA:2,0
DA:3,0
DA:5,0
DA:6,0
DA:7,0
DA:8,0
DA:10,0
DA:11,0
DA:14,0
DA:16,0
DA:18,0
DA:28,0
DA:31,0
DA:34,0
DA:35,0
DA:39,0
DA:40,0
DA:41,0
DA:42,0
DA:44,0
DA:45,0
DA:49,0
DA:50,0
DA:51,0
DA:57,0
DA:64,0
DA:66,0
DA:69,0
DA:70,0
LF:30
LH:0
BRDA:10,0,0,0
BRDA:10,0,1,0
BRDA:16,1,0,0
BRDA:16,1,1,0
BRDA:44,2,0,0
BRDA:44,2,1,0
BRDA:50,3,0,0
BRDA:50,3,1,0
BRDA:60,4,0,0
BRDA:60,4,1,0
BRF:10
BRH:0
end_of_record
TN:
SF:src\app\api\beauty\staff\route.ts
FN:25,mapStaff
FN:42,(anonymous_6)
FN:45,getBusinessId
FN:62,GET
FN:79,(anonymous_9)
FN:113,POST
FN:124,(anonymous_11)
FN:160,PUT
FN:211,DELETE
FNF:9
FNH:0
FNDA:0,mapStaff
FNDA:0,(anonymous_6)
FNDA:0,getBusinessId
FNDA:0,GET
FNDA:0,(anonymous_9)
FNDA:0,POST
FNDA:0,(anonymous_11)
FNDA:0,PUT
FNDA:0,DELETE
DA:2,0
DA:3,0
DA:4,0
DA:5,0
DA:6,0
DA:7,0
DA:9,0
DA:26,0
DA:42,0
DA:46,0
DA:47,0
DA:48,0
DA:49,0
DA:51,0
DA:52,0
DA:54,0
DA:62,0
DA:63,0
DA:64,0
DA:65,0
DA:67,0
DA:70,0
DA:71,0
DA:77,0
DA:79,0
DA:87,0
DA:91,0
DA:92,0
DA:93,0
DA:96,0
DA:101,0
DA:103,0
DA:105,0
DA:107,0
DA:108,0
DA:113,0
DA:114,0
DA:115,0
DA:116,0
DA:117,0
DA:120,0
DA:122,0
DA:123,0
DA:124,0
DA:125,0
DA:132,0
DA:134,0
DA:135,0
DA:150,0
DA:152,0
DA:154,0
DA:155,0
DA:160,0
DA:161,0
DA:162,0
DA:163,0
DA:164,0
DA:167,0
DA:168,0
DA:170,0
DA:171,0
DA:174,0
DA:176,0
DA:183,0
DA:184,0
DA:187,0
DA:188,0
DA:189,0
DA:190,0
DA:191,0
DA:192,0
DA:193,0
DA:195,0
DA:201,0
DA:203,0
DA:205,0
DA:206,0
DA:211,0
DA:212,0
DA:213,0
DA:214,0
DA:215,0
DA:218,0
DA:219,0
DA:221,0
DA:222,0
DA:225,0
DA:227,0
DA:234,0
DA:235,0
DA:238,0
DA:244,0
DA:246,0
DA:248,0
DA:249,0
LF:95
LH:0
BRDA:34,0,0,0
BRDA:34,0,1,0
BRDA:49,1,0,0
BRDA:49,1,1,0
BRDA:52,2,0,0
BRDA:52,2,1,0
BRDA:70,3,0,0
BRDA:70,3,1,0
BRDA:77,4,0,0
BRDA:77,4,1,0
BRDA:79,5,0,0
BRDA:79,5,1,0
BRDA:92,6,0,0
BRDA:92,6,1,0
BRDA:101,7,0,0
BRDA:101,7,1,0
BRDA:103,8,0,0
BRDA:103,8,1,0
BRDA:116,9,0,0
BRDA:116,9,1,0
BRDA:123,10,0,0
BRDA:123,10,1,0
BRDA:140,11,0,0
BRDA:140,11,1,0
BRDA:141,12,0,0
BRDA:141,12,1,0
BRDA:142,13,0,0
BRDA:142,13,1,0
BRDA:144,14,0,0
BRDA:144,14,1,0
BRDA:150,15,0,0
BRDA:150,15,1,0
BRDA:163,16,0,0
BRDA:163,16,1,0
BRDA:170,17,0,0
BRDA:170,17,1,0
BRDA:183,18,0,0
BRDA:183,18,1,0
BRDA:183,19,0,0
BRDA:183,19,1,0
BRDA:188,20,0,0
BRDA:188,20,1,0
BRDA:189,21,0,0
BRDA:189,21,1,0
BRDA:190,22,0,0
BRDA:190,22,1,0
BRDA:191,23,0,0
BRDA:191,23,1,0
BRDA:192,24,0,0
BRDA:192,24,1,0
BRDA:193,25,0,0
BRDA:193,25,1,0
BRDA:201,26,0,0
BRDA:201,26,1,0
BRDA:214,27,0,0
BRDA:214,27,1,0
BRDA:221,28,0,0
BRDA:221,28,1,0
BRDA:234,29,0,0
BRDA:234,29,1,0
BRDA:234,30,0,0
BRDA:234,30,1,0
BRDA:244,31,0,0
BRDA:244,31,1,0
BRF:64
BRH:0
end_of_record
TN:
SF:src\app\api\blog-posts\route.ts
FN:19,normalizePost
FN:28,(anonymous_6)
FN:50,GET
FN:65,(anonymous_8)
FN:68,(anonymous_9)
FN:75,(anonymous_10)
FN:91,POST
FN:142,PUT
FN:197,DELETE
FNF:9
FNH:0
FNDA:0,normalizePost
FNDA:0,(anonymous_6)
FNDA:0,GET
FNDA:0,(anonymous_8)
FNDA:0,(anonymous_9)
FNDA:0,(anonymous_10)
FNDA:0,POST
FNDA:0,PUT
FNDA:0,DELETE
DA:1,0
DA:2,0
DA:3,0
DA:4,0
DA:6,0
DA:20,0
DA:21,0
DA:22,0
DA:23,0
DA:24,0
DA:25,0
DA:26,0
DA:27,0
DA:28,0
DA:29,0
DA:30,0
DA:31,0
DA:32,0
DA:34,0
DA:50,0
DA:51,0
DA:52,0
DA:53,0
DA:54,0
DA:56,0
DA:57,0
DA:58,0
DA:59,0
DA:63,0
DA:64,0
DA:65,0
DA:67,0
DA:68,0
DA:69,0
DA:70,0
DA:72,0
DA:75,0
DA:77,0
DA:82,0
DA:84,0
DA:91,0
DA:92,0
DA:93,0
DA:94,0
DA:95,0
DA:101,0
DA:102,0
DA:104,0
DA:121,0
DA:126,0
DA:127,0
DA:134,0
DA:135,0
DA:142,0
DA:143,0
DA:144,0
DA:145,0
DA:146,0
DA:152,0
DA:153,0
DA:155,0
DA:156,0
DA:162,0
DA:164,0
DA:176,0
DA:181,0
DA:182,0
DA:189,0
DA:190,0
DA:197,0
DA:198,0
DA:199,0
DA:200,0
DA:201,0
DA:207,0
DA:208,0
DA:210,0
DA:211,0
DA:217,0
DA:219,0
DA:223,0
DA:224,0
LF:82
LH:0
BRDA:20,0,0,0
BRDA:20,0,1,0
BRDA:21,1,0,0
BRDA:21,1,1,0
BRDA:22,2,0,0
BRDA:22,2,1,0
BRDA:23,3,0,0
BRDA:23,3,1,0
BRDA:24,4,0,0
BRDA:24,4,1,0
BRDA:25,5,0,0
BRDA:25,5,1,0
BRDA:26,6,0,0
BRDA:26,6,1,0
BRDA:27,7,0,0
BRDA:27,7,1,0
BRDA:28,8,0,0
BRDA:28,8,1,0
BRDA:29,9,0,0
BRDA:29,9,1,0
BRDA:30,10,0,0
BRDA:30,10,1,0
BRDA:31,11,0,0
BRDA:31,11,1,0
BRDA:32,12,0,0
BRDA:32,12,1,0
BRDA:35,13,0,0
BRDA:35,13,1,0
BRDA:35,13,2,0
BRDA:53,14,0,0
BRDA:53,14,1,0
BRDA:56,15,0,0
BRDA:56,15,1,0
BRDA:58,16,0,0
BRDA:58,16,1,0
BRDA:65,17,0,0
BRDA:65,17,1,0
BRDA:67,18,0,0
BRDA:67,18,1,0
BRDA:69,19,0,0
BRDA:69,19,1,0
BRDA:75,20,0,0
BRDA:75,20,1,0
BRDA:75,21,0,0
BRDA:75,21,1,0
BRDA:94,22,0,0
BRDA:94,22,1,0
BRDA:109,23,0,0
BRDA:109,23,1,0
BRDA:119,24,0,0
BRDA:119,24,1,0
BRDA:126,25,0,0
BRDA:126,25,1,0
BRDA:145,26,0,0
BRDA:145,26,1,0
BRDA:155,27,0,0
BRDA:155,27,1,0
BRDA:169,28,0,0
BRDA:169,28,1,0
BRDA:181,29,0,0
BRDA:181,29,1,0
BRDA:200,30,0,0
BRDA:200,30,1,0
BRDA:210,31,0,0
BRDA:210,31,1,0
BRF:65
BRH:0
end_of_record
TN:
SF:src\app\api\business\delete\route.ts
FN:18,(anonymous_3)
FN:28,getSession
FN:68,DELETE
FN:97,(anonymous_6)
FN:105,(anonymous_7)
FN:114,(anonymous_8)
FNF:6
FNH:0
FNDA:0,(anonymous_3)
FNDA:0,getSession
FNDA:0,DELETE
FNDA:0,(anonymous_6)
FNDA:0,(anonymous_7)
FNDA:0,(anonymous_8)
DA:4,0
DA:5,0
DA:10,0
DA:11,0
DA:12,0
DA:15,0
DA:18,0
DA:29,0
DA:30,0
DA:33,0
DA:34,0
DA:35,0
DA:36,0
DA:37,0
DA:48,0
DA:49,0
DA:50,0
DA:51,0
DA:52,0
DA:61,0
DA:63,0
DA:68,0
DA:69,0
DA:70,0
DA:73,0
DA:75,0
DA:76,0
DA:77,0
DA:79,0
DA:86,0
DA:87,0
DA:91,0
DA:92,0
DA:96,0
DA:97,0
DA:98,0
DA:99,0
DA:102,0
DA:104,0
DA:105,0
DA:106,0
DA:108,0
DA:109,0
DA:112,0
DA:114,0
DA:116,0
DA:128,0
LF:47
LH:0
BRDA:34,0,0,0
BRDA:34,0,1,0
BRDA:49,1,0,0
BRDA:49,1,1,0
BRDA:53,2,0,0
BRDA:53,2,1,0
BRDA:77,3,0,0
BRDA:77,3,1,0
BRDA:77,4,0,0
BRDA:77,4,1,0
BRDA:86,5,0,0
BRDA:86,5,1,0
BRDA:91,6,0,0
BRDA:91,6,1,0
BRDA:98,7,0,0
BRDA:98,7,1,0
BRDA:106,8,0,0
BRDA:106,8,1,0
BRF:18
BRH:0
end_of_record
TN:
SF:src\app\api\business\sync-modules\route.ts
FN:6,POST
FN:38,(anonymous_2)
FNF:2
FNH:0
FNDA:0,POST
FNDA:0,(anonymous_2)
DA:2,0
DA:3,0
DA:6,0
DA:7,0
DA:8,0
DA:9,0
DA:11,0
DA:12,0
DA:19,0
DA:20,0
DA:21,0
DA:27,0
DA:28,0
DA:29,0
DA:36,0
DA:37,0
DA:38,0
DA:41,0
DA:42,0
DA:48,0
DA:51,0
DA:54,0
DA:60,0
DA:61,0
LF:24
LH:0
BRDA:11,0,0,0
BRDA:11,0,1,0
BRDA:20,1,0,0
BRDA:20,1,1,0
BRDA:28,2,0,0
BRDA:28,2,1,0
BRDA:38,3,0,0
BRDA:38,3,1,0
BRDA:41,4,0,0
BRDA:41,4,1,0
BRDA:48,5,0,0
BRDA:48,5,1,0
BRF:12
BRH:0
end_of_record
TN:
SF:src\app\api\cities\route.ts
FN:8,GET
FN:20,(anonymous_5)
FN:38,POST
FN:45,(anonymous_7)
FNF:4
FNH:0
FNDA:0,GET
FNDA:0,(anonymous_5)
FNDA:0,POST
FNDA:0,(anonymous_7)
DA:1,0
DA:2,0
DA:3,0
DA:6,0
DA:8,0
DA:9,0
DA:11,0
DA:12,0
DA:15,0
DA:16,0
DA:18,0
DA:20,0
DA:22,0
DA:23,0
DA:26,0
DA:31,0
DA:33,0
DA:34,0
DA:38,0
DA:39,0
DA:40,0
DA:41,0
DA:42,0
DA:45,0
DA:47,0
DA:48,0
DA:50,0
DA:54,0
DA:56,0
DA:58,0
DA:59,0
LF:31
LH:0
BRDA:18,0,0,0
BRDA:18,0,1,0
BRDA:22,1,0,0
BRDA:22,1,1,0
BRDA:47,2,0,0
BRDA:47,2,1,0
BRF:6
BRH:0
end_of_record
TN:
SF:src\app\api\clinic\analytics\route.ts
FN:19,(anonymous_1)
FN:21,getBusinessId
FN:33,GET
FN:71,(anonymous_4)
FN:81,(anonymous_5)
FNF:5
FNH:0
FNDA:0,(anonymous_1)
FNDA:0,getBusinessId
FNDA:0,GET
FNDA:0,(anonymous_4)
FNDA:0,(anonymous_5)
DA:1,0
DA:2,0
DA:3,0
DA:4,0
DA:5,0
DA:7,0
DA:19,0
DA:22,0
DA:23,0
DA:24,0
DA:25,0
DA:26,0
DA:27,0
DA:29,0
DA:33,0
DA:34,0
DA:35,0
DA:36,0
DA:37,0
DA:40,0
DA:41,0
DA:42,0
DA:43,0
DA:45,0
DA:50,0
DA:51,0
DA:52,0
DA:53,0
DA:54,0
DA:55,0
DA:57,0
DA:58,0
DA:61,0
DA:69,0
DA:71,0
DA:81,0
DA:87,0
DA:96,0
DA:97,0
LF:39
LH:0
BRDA:25,0,0,0
BRDA:25,0,1,0
BRDA:27,1,0,0
BRDA:27,1,1,0
BRDA:36,2,0,0
BRDA:36,2,1,0
BRDA:41,3,0,0
BRDA:41,3,1,0
BRDA:42,4,0,0
BRDA:42,4,1,0
BRDA:43,5,0,0
BRDA:43,5,1,0
BRDA:50,6,0,0
BRDA:50,6,1,0
BRDA:53,7,0,0
BRDA:53,7,1,0
BRDA:69,8,0,0
BRDA:69,8,1,0
BRDA:71,9,0,0
BRDA:71,9,1,0
BRDA:77,10,0,0
BRDA:77,10,1,0
BRF:22
BRH:0
end_of_record
TN:
SF:src\app\api\clinic\appointments\route.ts
FN:23,mapAppointment
FN:39,(anonymous_6)
FN:41,getBusinessId
FN:53,GET
FN:91,POST
FN:129,PUT
FN:180,DELETE
FNF:7
FNH:0
FNDA:0,mapAppointment
FNDA:0,(anonymous_6)
FNDA:0,getBusinessId
FNDA:0,GET
FNDA:0,POST
FNDA:0,PUT
FNDA:0,DELETE
DA:1,0
DA:2,0
DA:3,0
DA:4,0
DA:5,0
DA:7,0
DA:24,0
DA:39,0
DA:42,0
DA:43,0
DA:44,0
DA:45,0
DA:46,0
DA:47,0
DA:49,0
DA:53,0
DA:54,0
DA:55,0
DA:56,0
DA:57,0
DA:60,0
DA:61,0
DA:62,0
DA:64,0
DA:65,0
DA:70,0
DA:71,0
DA:74,0
DA:75,0
DA:78,0
DA:80,0
DA:82,0
DA:84,0
DA:86,0
DA:87,0
DA:91,0
DA:92,0
DA:93,0
DA:94,0
DA:95,0
DA:98,0
DA:100,0
DA:101,0
DA:104,0
DA:105,0
DA:120,0
DA:122,0
DA:124,0
DA:125,0
DA:129,0
DA:130,0
DA:131,0
DA:132,0
DA:133,0
DA:136,0
DA:137,0
DA:139,0
DA:140,0
DA:143,0
DA:145,0
DA:152,0
DA:153,0
DA:156,0
DA:157,0
DA:158,0
DA:159,0
DA:160,0
DA:161,0
DA:162,0
DA:163,0
DA:165,0
DA:171,0
DA:173,0
DA:175,0
DA:176,0
DA:180,0
DA:181,0
DA:182,0
DA:183,0
DA:184,0
DA:187,0
DA:188,0
DA:190,0
DA:191,0
DA:194,0
DA:196,0
DA:203,0
DA:204,0
DA:207,0
DA:213,0
DA:215,0
DA:217,0
DA:218,0
LF:93
LH:0
BRDA:45,0,0,0
BRDA:45,0,1,0
BRDA:47,1,0,0
BRDA:47,1,1,0
BRDA:56,2,0,0
BRDA:56,2,1,0
BRDA:70,3,0,0
BRDA:70,3,1,0
BRDA:74,4,0,0
BRDA:74,4,1,0
BRDA:80,5,0,0
BRDA:80,5,1,0
BRDA:82,6,0,0
BRDA:82,6,1,0
BRDA:94,7,0,0
BRDA:94,7,1,0
BRDA:100,8,0,0
BRDA:100,8,1,0
BRDA:100,9,0,0
BRDA:100,9,1,0
BRDA:109,10,0,0
BRDA:109,10,1,0
BRDA:110,11,0,0
BRDA:110,11,1,0
BRDA:111,12,0,0
BRDA:111,12,1,0
BRDA:114,13,0,0
BRDA:114,13,1,0
BRDA:115,14,0,0
BRDA:115,14,1,0
BRDA:120,15,0,0
BRDA:120,15,1,0
BRDA:132,16,0,0
BRDA:132,16,1,0
BRDA:139,17,0,0
BRDA:139,17,1,0
BRDA:152,18,0,0
BRDA:152,18,1,0
BRDA:152,19,0,0
BRDA:152,19,1,0
BRDA:157,20,0,0
BRDA:157,20,1,0
BRDA:158,21,0,0
BRDA:158,21,1,0
BRDA:159,22,0,0
BRDA:159,22,1,0
BRDA:160,23,0,0
BRDA:160,23,1,0
BRDA:161,24,0,0
BRDA:161,24,1,0
BRDA:162,25,0,0
BRDA:162,25,1,0
BRDA:163,26,0,0
BRDA:163,26,1,0
BRDA:171,27,0,0
BRDA:171,27,1,0
BRDA:183,28,0,0
BRDA:183,28,1,0
BRDA:190,29,0,0
BRDA:190,29,1,0
BRDA:203,30,0,0
BRDA:203,30,1,0
BRDA:203,31,0,0
BRDA:203,31,1,0
BRDA:213,32,0,0
BRDA:213,32,1,0
BRF:66
BRH:0
end_of_record
TN:
SF:src\app\api\clinic\billing\route.ts
FN:23,mapBilling
FN:39,(anonymous_6)
FN:41,getBusinessId
FN:53,GET
FN:91,POST
FN:130,PUT
FN:182,DELETE
FNF:7
FNH:0
FNDA:0,mapBilling
FNDA:0,(anonymous_6)
FNDA:0,getBusinessId
FNDA:0,GET
FNDA:0,POST
FNDA:0,PUT
FNDA:0,DELETE
DA:1,0
DA:2,0
DA:3,0
DA:4,0
DA:5,0
DA:7,0
DA:24,0
DA:39,0
DA:42,0
DA:43,0
DA:44,0
DA:45,0
DA:46,0
DA:47,0
DA:49,0
DA:53,0
DA:54,0
DA:55,0
DA:56,0
DA:57,0
DA:60,0
DA:61,0
DA:62,0
DA:64,0
DA:65,0
DA:70,0
DA:71,0
DA:74,0
DA:75,0
DA:78,0
DA:80,0
DA:82,0
DA:84,0
DA:86,0
DA:87,0
DA:91,0
DA:92,0
DA:93,0
DA:94,0
DA:95,0
DA:98,0
DA:100,0
DA:101,0
DA:104,0
DA:105,0
DA:121,0
DA:123,0
DA:125,0
DA:126,0
DA:130,0
DA:131,0
DA:132,0
DA:133,0
DA:134,0
DA:137,0
DA:138,0
DA:140,0
DA:141,0
DA:144,0
DA:146,0
DA:153,0
DA:154,0
DA:157,0
DA:158,0
DA:159,0
DA:160,0
DA:161,0
DA:162,0
DA:163,0
DA:164,0
DA:165,0
DA:167,0
DA:173,0
DA:175,0
DA:177,0
DA:178,0
DA:182,0
DA:183,0
DA:184,0
DA:185,0
DA:186,0
DA:189,0
DA:190,0
DA:192,0
DA:193,0
DA:196,0
DA:198,0
DA:205,0
DA:206,0
DA:209,0
DA:215,0
DA:217,0
DA:219,0
DA:220,0
LF:94
LH:0
BRDA:30,0,0,0
BRDA:30,0,1,0
BRDA:31,1,0,0
BRDA:31,1,1,0
BRDA:32,2,0,0
BRDA:32,2,1,0
BRDA:45,3,0,0
BRDA:45,3,1,0
BRDA:47,4,0,0
BRDA:47,4,1,0
BRDA:56,5,0,0
BRDA:56,5,1,0
BRDA:70,6,0,0
BRDA:70,6,1,0
BRDA:74,7,0,0
BRDA:74,7,1,0
BRDA:80,8,0,0
BRDA:80,8,1,0
BRDA:82,9,0,0
BRDA:82,9,1,0
BRDA:94,10,0,0
BRDA:94,10,1,0
BRDA:100,11,0,0
BRDA:100,11,1,0
BRDA:109,12,0,0
BRDA:109,12,1,0
BRDA:110,13,0,0
BRDA:110,13,1,0
BRDA:111,14,0,0
BRDA:111,14,1,0
BRDA:112,15,0,0
BRDA:112,15,1,0
BRDA:113,16,0,0
BRDA:113,16,1,0
BRDA:115,17,0,0
BRDA:115,17,1,0
BRDA:116,18,0,0
BRDA:116,18,1,0
BRDA:121,19,0,0
BRDA:121,19,1,0
BRDA:133,20,0,0
BRDA:133,20,1,0
BRDA:140,21,0,0
BRDA:140,21,1,0
BRDA:153,22,0,0
BRDA:153,22,1,0
BRDA:153,23,0,0
BRDA:153,23,1,0
BRDA:158,24,0,0
BRDA:158,24,1,0
BRDA:159,25,0,0
BRDA:159,25,1,0
BRDA:160,26,0,0
BRDA:160,26,1,0
BRDA:161,27,0,0
BRDA:161,27,1,0
BRDA:162,28,0,0
BRDA:162,28,1,0
BRDA:163,29,0,0
BRDA:163,29,1,0
BRDA:164,30,0,0
BRDA:164,30,1,0
BRDA:165,31,0,0
BRDA:165,31,1,0
BRDA:173,32,0,0
BRDA:173,32,1,0
BRDA:185,33,0,0
BRDA:185,33,1,0
BRDA:192,34,0,0
BRDA:192,34,1,0
BRDA:205,35,0,0
BRDA:205,35,1,0
BRDA:205,36,0,0
BRDA:205,36,1,0
BRDA:215,37,0,0
BRDA:215,37,1,0
BRF:76
BRH:0
end_of_record
TN:
SF:src\app\api\clinic\categories\route.ts
FN:21,mapCategory
FN:35,(anonymous_6)
FN:37,getBusinessId
FN:49,GET
FN:74,POST
FN:110,PUT
FN:159,DELETE
FNF:7
FNH:0
FNDA:0,mapCategory
FNDA:0,(anonymous_6)
FNDA:0,getBusinessId
FNDA:0,GET
FNDA:0,POST
FNDA:0,PUT
FNDA:0,DELETE
DA:1,0
DA:2,0
DA:3,0
DA:4,0
DA:5,0
DA:7,0
DA:22,0
DA:35,0
DA:38,0
DA:39,0
DA:40,0
DA:41,0
DA:42,0
DA:43,0
DA:45,0
DA:49,0
DA:50,0
DA:51,0
DA:52,0
DA:53,0
DA:56,0
DA:57,0
DA:63,0
DA:65,0
DA:67,0
DA:69,0
DA:70,0
DA:74,0
DA:75,0
DA:76,0
DA:77,0
DA:78,0
DA:81,0
DA:83,0
DA:84,0
DA:87,0
DA:88,0
DA:101,0
DA:103,0
DA:105,0
DA:106,0
DA:110,0
DA:111,0
DA:112,0
DA:113,0
DA:114,0
DA:117,0
DA:118,0
DA:120,0
DA:121,0
DA:124,0
DA:126,0
DA:133,0
DA:134,0
DA:137,0
DA:138,0
DA:139,0
DA:140,0
DA:141,0
DA:142,0
DA:144,0
DA:150,0
DA:152,0
DA:154,0
DA:155,0
DA:159,0
DA:160,0
DA:161,0
DA:162,0
DA:163,0
DA:166,0
DA:167,0
DA:169,0
DA:170,0
DA:173,0
DA:175,0
DA:182,0
DA:183,0
DA:186,0
DA:192,0
DA:194,0
DA:196,0
DA:197,0
LF:83
LH:0
BRDA:41,0,0,0
BRDA:41,0,1,0
BRDA:43,1,0,0
BRDA:43,1,1,0
BRDA:52,2,0,0
BRDA:52,2,1,0
BRDA:63,3,0,0
BRDA:63,3,1,0
BRDA:65,4,0,0
BRDA:65,4,1,0
BRDA:77,5,0,0
BRDA:77,5,1,0
BRDA:83,6,0,0
BRDA:83,6,1,0
BRDA:93,7,0,0
BRDA:93,7,1,0
BRDA:94,8,0,0
BRDA:94,8,1,0
BRDA:101,9,0,0
BRDA:101,9,1,0
BRDA:113,10,0,0
BRDA:113,10,1,0
BRDA:120,11,0,0
BRDA:120,11,1,0
BRDA:133,12,0,0
BRDA:133,12,1,0
BRDA:133,13,0,0
BRDA:133,13,1,0
BRDA:138,14,0,0
BRDA:138,14,1,0
BRDA:139,15,0,0
BRDA:139,15,1,0
BRDA:140,16,0,0
BRDA:140,16,1,0
BRDA:141,17,0,0
BRDA:141,17,1,0
BRDA:142,18,0,0
BRDA:142,18,1,0
BRDA:150,19,0,0
BRDA:150,19,1,0
BRDA:162,20,0,0
BRDA:162,20,1,0
BRDA:169,21,0,0
BRDA:169,21,1,0
BRDA:182,22,0,0
BRDA:182,22,1,0
BRDA:182,23,0,0
BRDA:182,23,1,0
BRDA:192,24,0,0
BRDA:192,24,1,0
BRF:50
BRH:0
end_of_record
TN:
SF:src\app\api\clinic\patients\route.ts
FN:25,mapPatient
FN:43,(anonymous_6)
FN:45,getBusinessId
FN:57,GET
FN:90,POST
FN:130,PUT
FN:183,DELETE
FNF:7
FNH:0
FNDA:0,mapPatient
FNDA:0,(anonymous_6)
FNDA:0,getBusinessId
FNDA:0,GET
FNDA:0,POST
FNDA:0,PUT
FNDA:0,DELETE
DA:1,0
DA:2,0
DA:3,0
DA:4,0
DA:5,0
DA:7,0
DA:26,0
DA:43,0
DA:46,0
DA:47,0
DA:48,0
DA:49,0
DA:50,0
DA:51,0
DA:53,0
DA:57,0
DA:58,0
DA:59,0
DA:60,0
DA:61,0
DA:64,0
DA:65,0
DA:67,0
DA:68,0
DA:73,0
DA:74,0
DA:77,0
DA:79,0
DA:81,0
DA:83,0
DA:85,0
DA:86,0
DA:90,0
DA:91,0
DA:92,0
DA:93,0
DA:94,0
DA:97,0
DA:99,0
DA:100,0
DA:103,0
DA:104,0
DA:121,0
DA:123,0
DA:125,0
DA:126,0
DA:130,0
DA:131,0
DA:132,0
DA:133,0
DA:134,0
DA:137,0
DA:138,0
DA:140,0
DA:141,0
DA:144,0
DA:146,0
DA:153,0
DA:154,0
DA:157,0
DA:158,0
DA:159,0
DA:160,0
DA:161,0
DA:162,0
DA:163,0
DA:164,0
DA:165,0
DA:166,0
DA:168,0
DA:174,0
DA:176,0
DA:178,0
DA:179,0
DA:183,0
DA:184,0
DA:185,0
DA:186,0
DA:187,0
DA:190,0
DA:191,0
DA:193,0
DA:194,0
DA:197,0
DA:199,0
DA:206,0
DA:207,0
DA:210,0
DA:216,0
DA:218,0
DA:220,0
DA:221,0
LF:92
LH:0
BRDA:49,0,0,0
BRDA:49,0,1,0
BRDA:51,1,0,0
BRDA:51,1,1,0
BRDA:60,2,0,0
BRDA:60,2,1,0
BRDA:73,3,0,0
BRDA:73,3,1,0
BRDA:79,4,0,0
BRDA:79,4,1,0
BRDA:81,5,0,0
BRDA:81,5,1,0
BRDA:93,6,0,0
BRDA:93,6,1,0
BRDA:99,7,0,0
BRDA:99,7,1,0
BRDA:109,8,0,0
BRDA:109,8,1,0
BRDA:110,9,0,0
BRDA:110,9,1,0
BRDA:111,10,0,0
BRDA:111,10,1,0
BRDA:112,11,0,0
BRDA:112,11,1,0
BRDA:113,12,0,0
BRDA:113,12,1,0
BRDA:114,13,0,0
BRDA:114,13,1,0
BRDA:115,14,0,0
BRDA:115,14,1,0
BRDA:116,15,0,0
BRDA:116,15,1,0
BRDA:121,16,0,0
BRDA:121,16,1,0
BRDA:133,17,0,0
BRDA:133,17,1,0
BRDA:140,18,0,0
BRDA:140,18,1,0
BRDA:153,19,0,0
BRDA:153,19,1,0
BRDA:153,20,0,0
BRDA:153,20,1,0
BRDA:158,21,0,0
BRDA:158,21,1,0
BRDA:159,22,0,0
BRDA:159,22,1,0
BRDA:160,23,0,0
BRDA:160,23,1,0
BRDA:161,24,0,0
BRDA:161,24,1,0
BRDA:162,25,0,0
BRDA:162,25,1,0
BRDA:163,26,0,0
BRDA:163,26,1,0
BRDA:164,27,0,0
BRDA:164,27,1,0
BRDA:165,28,0,0
BRDA:165,28,1,0
BRDA:166,29,0,0
BRDA:166,29,1,0
BRDA:174,30,0,0
BRDA:174,30,1,0
BRDA:186,31,0,0
BRDA:186,31,1,0
BRDA:193,32,0,0
BRDA:193,32,1,0
BRDA:206,33,0,0
BRDA:206,33,1,0
BRDA:206,34,0,0
BRDA:206,34,1,0
BRDA:216,35,0,0
BRDA:216,35,1,0
BRF:72
BRH:0
end_of_record
TN:
SF:src\app\api\clinic\public-appointments\route.ts
FN:41,POST
FNF:1
FNH:0
FNDA:0,POST
DA:1,0
DA:2,0
DA:4,0
DA:5,0
DA:7,0
DA:8,0
DA:9,0
DA:10,0
DA:11,0
DA:41,0
DA:42,0
DA:43,0
DA:44,0
DA:46,0
DA:47,0
DA:53,0
DA:55,0
DA:62,0
DA:63,0
DA:69,0
DA:70,0
DA:72,0
DA:95,0
DA:96,0
DA:99,0
DA:100,0
DA:101,0
DA:103,0
DA:104,0
DA:110,0
DA:111,0
DA:117,0
DA:132,0
DA:134,0
DA:145,0
DA:146,0
LF:36
LH:0
BRDA:46,0,0,0
BRDA:46,0,1,0
BRDA:46,1,0,0
BRDA:46,1,1,0
BRDA:46,1,2,0
BRDA:46,1,3,0
BRDA:46,1,4,0
BRDA:62,2,0,0
BRDA:62,2,1,0
BRDA:62,3,0,0
BRDA:62,3,1,0
BRDA:62,3,2,0
BRDA:86,4,0,0
BRDA:86,4,1,0
BRDA:95,5,0,0
BRDA:95,5,1,0
BRDA:95,6,0,0
BRDA:95,6,1,0
BRDA:95,6,2,0
BRDA:96,7,0,0
BRDA:96,7,1,0
BRDA:96,7,2,0
BRDA:99,8,0,0
BRDA:99,8,1,0
BRDA:101,9,0,0
BRDA:101,9,1,0
BRDA:103,10,0,0
BRDA:103,10,1,0
BRDA:110,11,0,0
BRDA:110,11,1,0
BRDA:110,12,0,0
BRDA:110,12,1,0
BRDA:121,13,0,0
BRDA:121,13,1,0
BRDA:122,14,0,0
BRDA:122,14,1,0
BRDA:132,15,0,0
BRDA:132,15,1,0
BRDA:139,16,0,0
BRDA:139,16,1,0
BRDA:141,17,0,0
BRDA:141,17,1,0
BRF:42
BRH:0
end_of_record
TN:
SF:src\app\api\clinic\public-categories\route.ts
FN:26,mapCategory
FN:38,GET
FN:79,(anonymous_6)
FNF:3
FNH:0
FNDA:0,mapCategory
FNDA:0,GET
FNDA:0,(anonymous_6)
DA:1,0
DA:2,0
DA:4,0
DA:5,0
DA:7,0
DA:8,0
DA:27,0
DA:38,0
DA:39,0
DA:40,0
DA:41,0
DA:43,0
DA:44,0
DA:50,0
DA:52,0
DA:59,0
DA:60,0
DA:66,0
DA:67,0
DA:69,0
DA:76,0
DA:78,0
DA:79,0
DA:82,0
DA:96,0
DA:97,0
LF:26
LH:0
BRDA:43,0,0,0
BRDA:43,0,1,0
BRDA:59,1,0,0
BRDA:59,1,1,0
BRDA:59,2,0,0
BRDA:59,2,1,0
BRDA:59,2,2,0
BRDA:76,3,0,0
BRDA:76,3,1,0
BRDA:78,4,0,0
BRDA:78,4,1,0
BRF:11
BRH:0
end_of_record
TN:
SF:src\app\api\clinic\public-services\route.ts
FN:53,mapService
FN:70,mapCategory
FN:92,GET
FN:149,(anonymous_7)
FN:153,(anonymous_8)
FN:157,(anonymous_9)
FN:160,(anonymous_10)
FNF:7
FNH:0
FNDA:0,mapService
FNDA:0,mapCategory
FNDA:0,GET
FNDA:0,(anonymous_7)
FNDA:0,(anonymous_8)
FNDA:0,(anonymous_9)
FNDA:0,(anonymous_10)
DA:1,0
DA:2,0
DA:4,0
DA:5,0
DA:7,0
DA:8,0
DA:9,0
DA:10,0
DA:54,0
DA:71,0
DA:82,0
DA:92,0
DA:93,0
DA:94,0
DA:95,0
DA:96,0
DA:98,0
DA:99,0
DA:105,0
DA:107,0
DA:114,0
DA:115,0
DA:121,0
DA:122,0
DA:124,0
DA:144,0
DA:145,0
DA:148,0
DA:149,0
DA:152,0
DA:153,0
DA:156,0
DA:157,0
DA:160,0
DA:163,0
DA:165,0
DA:186,0
DA:187,0
LF:38
LH:0
BRDA:62,0,0,0
BRDA:62,0,1,0
BRDA:98,1,0,0
BRDA:98,1,1,0
BRDA:114,2,0,0
BRDA:114,2,1,0
BRDA:114,3,0,0
BRDA:114,3,1,0
BRDA:114,3,2,0
BRDA:144,4,0,0
BRDA:144,4,1,0
BRDA:144,5,0,0
BRDA:144,5,1,0
BRDA:145,6,0,0
BRDA:145,6,1,0
BRDA:148,7,0,0
BRDA:148,7,1,0
BRDA:152,8,0,0
BRDA:152,8,1,0
BRDA:156,9,0,0
BRDA:156,9,1,0
BRDA:156,10,0,0
BRDA:156,10,1,0
BRDA:160,11,0,0
BRDA:160,11,1,0
BRDA:160,12,0,0
BRDA:160,12,1,0
BRDA:172,13,0,0
BRDA:172,13,1,0
BRDA:174,14,0,0
BRDA:174,14,1,0
BRDA:175,15,0,0
BRDA:175,15,1,0
BRDA:176,16,0,0
BRDA:176,16,1,0
BRF:35
BRH:0
end_of_record
TN:
SF:src\app\api\clinic\public-staff\route.ts
FN:26,mapStaff
FN:38,GET
FN:79,(anonymous_6)
FNF:3
FNH:0
FNDA:0,mapStaff
FNDA:0,GET
FNDA:0,(anonymous_6)
DA:1,0
DA:2,0
DA:4,0
DA:5,0
DA:7,0
DA:8,0
DA:27,0
DA:38,0
DA:39,0
DA:40,0
DA:41,0
DA:43,0
DA:44,0
DA:50,0
DA:52,0
DA:59,0
DA:60,0
DA:66,0
DA:67,0
DA:69,0
DA:76,0
DA:78,0
DA:79,0
DA:82,0
DA:95,0
DA:96,0
LF:26
LH:0
BRDA:43,0,0,0
BRDA:43,0,1,0
BRDA:59,1,0,0
BRDA:59,1,1,0
BRDA:59,2,0,0
BRDA:59,2,1,0
BRDA:59,2,2,0
BRDA:76,3,0,0
BRDA:76,3,1,0
BRDA:78,4,0,0
BRDA:78,4,1,0
BRF:11
BRH:0
end_of_record
TN:
SF:src\app\api\clinic\reviews\route.ts
FN:22,mapReview
FN:37,(anonymous_5)
FN:39,getBusinessId
FN:51,GET
FN:84,PUT
FN:130,DELETE
FNF:6
FNH:0
FNDA:0,mapReview
FNDA:0,(anonymous_5)
FNDA:0,getBusinessId
FNDA:0,GET
FNDA:0,PUT
FNDA:0,DELETE
DA:1,0
DA:2,0
DA:3,0
DA:4,0
DA:5,0
DA:7,0
DA:23,0
DA:37,0
DA:40,0
DA:41,0
DA:42,0
DA:43,0
DA:44,0
DA:45,0
DA:47,0
DA:51,0
DA:52,0
DA:53,0
DA:54,0
DA:55,0
DA:58,0
DA:59,0
DA:61,0
DA:62,0
DA:67,0
DA:68,0
DA:71,0
DA:73,0
DA:75,0
DA:77,0
DA:79,0
DA:80,0
DA:84,0
DA:85,0
DA:86,0
DA:87,0
DA:88,0
DA:91,0
DA:92,0
DA:94,0
DA:95,0
DA:98,0
DA:100,0
DA:107,0
DA:108,0
DA:111,0
DA:112,0
DA:113,0
DA:115,0
DA:121,0
DA:123,0
DA:125,0
DA:126,0
DA:130,0
DA:131,0
DA:132,0
DA:133,0
DA:134,0
DA:137,0
DA:138,0
DA:140,0
DA:141,0
DA:144,0
DA:146,0
DA:153,0
DA:154,0
DA:157,0
DA:163,0
DA:165,0
DA:167,0
DA:168,0
LF:71
LH:0
BRDA:43,0,0,0
BRDA:43,0,1,0
BRDA:45,1,0,0
BRDA:45,1,1,0
BRDA:54,2,0,0
BRDA:54,2,1,0
BRDA:67,3,0,0
BRDA:67,3,1,0
BRDA:73,4,0,0
BRDA:73,4,1,0
BRDA:75,5,0,0
BRDA:75,5,1,0
BRDA:87,6,0,0
BRDA:87,6,1,0
BRDA:94,7,0,0
BRDA:94,7,1,0
BRDA:107,8,0,0
BRDA:107,8,1,0
BRDA:107,9,0,0
BRDA:107,9,1,0
BRDA:112,10,0,0
BRDA:112,10,1,0
BRDA:113,11,0,0
BRDA:113,11,1,0
BRDA:121,12,0,0
BRDA:121,12,1,0
BRDA:133,13,0,0
BRDA:133,13,1,0
BRDA:140,14,0,0
BRDA:140,14,1,0
BRDA:153,15,0,0
BRDA:153,15,1,0
BRDA:153,16,0,0
BRDA:153,16,1,0
BRDA:163,17,0,0
BRDA:163,17,1,0
BRF:36
BRH:0
end_of_record
TN:
SF:src\app\api\clinic\services\route.ts
FN:26,mapService
FN:44,(anonymous_6)
FN:46,getBusinessId
FN:58,GET
FN:91,POST
FN:132,PUT
FN:184,DELETE
FNF:7
FNH:0
FNDA:0,mapService
FNDA:0,(anonymous_6)
FNDA:0,getBusinessId
FNDA:0,GET
FNDA:0,POST
FNDA:0,PUT
FNDA:0,DELETE
DA:1,0
DA:2,0
DA:3,0
DA:4,0
DA:5,0
DA:7,0
DA:27,0
DA:44,0
DA:47,0
DA:48,0
DA:49,0
DA:50,0
DA:51,0
DA:52,0
DA:54,0
DA:58,0
DA:59,0
DA:60,0
DA:61,0
DA:62,0
DA:65,0
DA:66,0
DA:68,0
DA:69,0
DA:74,0
DA:75,0
DA:78,0
DA:80,0
DA:82,0
DA:84,0
DA:86,0
DA:87,0
DA:91,0
DA:92,0
DA:93,0
DA:94,0
DA:95,0
DA:98,0
DA:100,0
DA:101,0
DA:104,0
DA:105,0
DA:123,0
DA:125,0
DA:127,0
DA:128,0
DA:132,0
DA:133,0
DA:134,0
DA:135,0
DA:136,0
DA:139,0
DA:140,0
DA:142,0
DA:143,0
DA:146,0
DA:148,0
DA:155,0
DA:156,0
DA:159,0
DA:160,0
DA:161,0
DA:162,0
DA:163,0
DA:164,0
DA:165,0
DA:166,0
DA:167,0
DA:169,0
DA:175,0
DA:177,0
DA:179,0
DA:180,0
DA:184,0
DA:185,0
DA:186,0
DA:187,0
DA:188,0
DA:191,0
DA:192,0
DA:194,0
DA:195,0
DA:198,0
DA:200,0
DA:207,0
DA:208,0
DA:211,0
DA:217,0
DA:219,0
DA:221,0
DA:222,0
LF:91
LH:0
BRDA:33,0,0,0
BRDA:33,0,1,0
BRDA:36,1,0,0
BRDA:36,1,1,0
BRDA:50,2,0,0
BRDA:50,2,1,0
BRDA:52,3,0,0
BRDA:52,3,1,0
BRDA:61,4,0,0
BRDA:61,4,1,0
BRDA:74,5,0,0
BRDA:74,5,1,0
BRDA:80,6,0,0
BRDA:80,6,1,0
BRDA:82,7,0,0
BRDA:82,7,1,0
BRDA:94,8,0,0
BRDA:94,8,1,0
BRDA:100,9,0,0
BRDA:100,9,1,0
BRDA:100,10,0,0
BRDA:100,10,1,0
[...]
DA:339,0
DA:341,0
DA:342,0
DA:349,0
DA:350,0
DA:354,0
DA:355,0
DA:357,0
DA:358,0
DA:364,0
DA:366,0
DA:367,0
DA:374,0
DA:375,0
DA:379,0
DA:380,0
DA:382,0
DA:383,0
DA:384,0
DA:385,0
DA:387,0
DA:388,0
DA:392,0
DA:393,0
DA:395,0
DA:398,0
DA:399,0
DA:400,0
DA:413,0
DA:419,0
DA:420,0
DA:423,0
DA:424,0
DA:425,0
DA:426,0
DA:427,0
DA:428,0
DA:429,0
DA:430,0
DA:431,0
DA:432,0
DA:433,0
DA:435,0
DA:440,0
DA:443,0
DA:444,0
DA:445,0
DA:450,0
DA:453,0
DA:454,0
DA:455,0
DA:460,0
DA:467,0
DA:468,0
DA:471,0
DA:472,0
DA:484,0
DA:485,0
DA:487,0
DA:488,0
DA:494,0
DA:495,0
DA:498,0
DA:502,0
DA:513,0
DA:514,0
DA:518,0
DA:519,0
DA:521,0
DA:522,0
DA:524,0
DA:537,0
DA:541,0
DA:543,0
DA:544,0
DA:552,0
DA:553,0
DA:555,0
DA:556,0
DA:562,0
DA:563,0
DA:565,0
DA:576,0
DA:577,0
DA:581,0
DA:582,0
DA:584,0
DA:585,0
DA:591,0
DA:592,0
DA:594,0
DA:605,0
DA:606,0
LF:189
LH:0
BRDA:84,0,0,0
BRDA:84,0,1,0
BRDA:85,1,0,0
BRDA:85,1,1,0
BRDA:86,2,0,0
BRDA:86,2,1,0
BRDA:87,3,0,0
BRDA:87,3,1,0
BRDA:88,4,0,0
BRDA:88,4,1,0
BRDA:94,5,0,0
BRDA:94,5,1,0
BRDA:95,6,0,0
BRDA:95,6,1,0
BRDA:96,7,0,0
BRDA:96,7,1,0
BRDA:97,8,0,0
BRDA:97,8,1,0
BRDA:98,9,0,0
BRDA:98,9,1,0
BRDA:104,10,0,0
BRDA:104,10,1,0
BRDA:105,11,0,0
BRDA:105,11,1,0
BRDA:106,12,0,0
BRDA:106,12,1,0
BRDA:107,13,0,0
BRDA:107,13,1,0
BRDA:109,14,0,0
BRDA:109,14,1,0
BRDA:111,15,0,0
BRDA:111,15,1,0
BRDA:112,16,0,0
BRDA:112,16,1,0
BRDA:113,17,0,0
BRDA:113,17,1,0
BRDA:131,18,0,0
BRDA:131,18,1,0
BRDA:133,19,0,0
BRDA:133,19,1,0
BRDA:151,20,0,0
BRDA:151,20,1,0
BRDA:154,21,0,0
BRDA:154,21,1,0
BRDA:159,22,0,0
BRDA:159,22,1,0
BRDA:176,23,0,0
BRDA:176,23,1,0
BRDA:187,24,0,0
BRDA:187,24,1,0
BRDA:197,25,0,0
BRDA:197,25,1,0
BRDA:209,26,0,0
BRDA:209,26,1,0
BRDA:210,27,0,0
BRDA:210,27,1,0
BRDA:212,28,0,0
BRDA:212,28,1,0
BRDA:218,29,0,0
BRDA:218,29,1,0
BRDA:229,30,0,0
BRDA:229,30,1,0
BRDA:230,31,0,0
BRDA:230,31,1,0
BRDA:251,32,0,0
BRDA:251,32,1,0
BRDA:253,33,0,0
BRDA:253,33,1,0
BRDA:272,34,0,0
BRDA:272,34,1,0
BRDA:275,35,0,0
BRDA:275,35,1,0
BRDA:280,36,0,0
BRDA:280,36,1,0
BRDA:297,37,0,0
BRDA:297,37,1,0
BRDA:304,38,0,0
BRDA:304,38,1,0
BRDA:305,39,0,0
BRDA:305,39,1,0
BRDA:312,40,0,0
BRDA:312,40,1,0
BRDA:322,41,0,0
BRDA:322,41,1,0
BRDA:339,42,0,0
BRDA:339,42,1,0
BRDA:341,43,0,0
BRDA:341,43,1,0
BRDA:364,44,0,0
BRDA:364,44,1,0
BRDA:366,45,0,0
BRDA:366,45,1,0
BRDA:385,46,0,0
BRDA:385,46,1,0
BRDA:388,47,0,0
BRDA:388,47,1,0
BRDA:393,48,0,0
BRDA:393,48,1,0
BRDA:404,49,0,0
BRDA:404,49,1,0
BRDA:405,50,0,0
BRDA:405,50,1,0
BRDA:406,51,0,0
BRDA:406,51,1,0
BRDA:407,52,0,0
BRDA:407,52,1,0
BRDA:408,53,0,0
BRDA:408,53,1,0
BRDA:409,54,0,0
BRDA:409,54,1,0
BRDA:410,55,0,0
BRDA:410,55,1,0
BRDA:419,56,0,0
BRDA:419,56,1,0
BRDA:426,57,0,0
BRDA:426,57,1,0
BRDA:427,58,0,0
BRDA:427,58,1,0
BRDA:428,59,0,0
BRDA:428,59,1,0
BRDA:429,60,0,0
BRDA:429,60,1,0
BRDA:430,61,0,0
BRDA:430,61,1,0
BRDA:431,62,0,0
BRDA:431,62,1,0
BRDA:432,63,0,0
BRDA:432,63,1,0
BRDA:433,64,0,0
BRDA:433,64,1,0
BRDA:440,65,0,0
BRDA:440,65,1,0
BRDA:450,66,0,0
BRDA:450,66,1,0
BRDA:460,67,0,0
BRDA:460,67,1,0
BRDA:474,68,0,0
BRDA:474,68,1,0
BRDA:494,69,0,0
BRDA:494,69,1,0
BRDA:495,70,0,0
BRDA:495,70,1,0
BRDA:498,71,0,0
BRDA:498,71,1,0
BRDA:498,71,2,0
BRDA:503,72,0,0
BRDA:503,72,1,0
BRDA:504,73,0,0
BRDA:504,73,1,0
BRDA:505,74,0,0
BRDA:505,74,1,0
BRDA:506,75,0,0
BRDA:506,75,1,0
BRDA:508,76,0,0
BRDA:508,76,1,0
BRDA:509,77,0,0
BRDA:509,77,1,0
BRDA:510,78,0,0
BRDA:510,78,1,0
BRDA:522,79,0,0
BRDA:522,79,1,0
BRDA:533,80,0,0
BRDA:533,80,1,0
BRDA:541,81,0,0
BRDA:541,81,1,0
BRDA:562,82,0,0
BRDA:562,82,1,0
BRDA:563,83,0,0
BRDA:563,83,1,0
BRDA:566,84,0,0
BRDA:566,84,1,0
BRDA:567,85,0,0
BRDA:567,85,1,0
BRDA:568,86,0,0
BRDA:568,86,1,0
BRDA:570,87,0,0
BRDA:570,87,1,0
BRDA:570,87,2,0
BRDA:573,88,0,0
BRDA:573,88,1,0
BRDA:573,88,2,0
BRDA:591,89,0,0
BRDA:591,89,1,0
BRDA:592,90,0,0
BRDA:592,90,1,0
BRDA:595,91,0,0
BRDA:595,91,1,0
BRDA:596,92,0,0
BRDA:596,92,1,0
BRDA:597,93,0,0
BRDA:597,93,1,0
BRDA:599,94,0,0
BRDA:599,94,1,0
BRDA:599,94,2,0
BRDA:602,95,0,0
BRDA:602,95,1,0
BRDA:602,95,2,0
BRF:197
BRH:0
end_of_record
TN:
SF:src\lib\services\kesfetApi.ts
FN:28,getDiscoveryBusinesses
FN:44,getBusinessDetails
FN:52,getCurrentUser
FN:57,updateUserProfile
FN:68,addUserAddress
FN:93,getOrders
FN:104,getOrderById
FN:109,createOrder
FN:130,getReservations
FN:141,createReservation
FN:153,getFavorites
FN:161,addFavorite
FN:173,removeFavorite
FN:181,getWalletBalance
FN:186,getWalletTransactions
FN:196,searchAll
FN:203,getTrendingSearches
FNF:17
FNH:0
FNDA:0,getDiscoveryBusinesses
FNDA:0,getBusinessDetails
FNDA:0,getCurrentUser
FNDA:0,updateUserProfile
FNDA:0,addUserAddress
FNDA:0,getOrders
FNDA:0,getOrderById
FNDA:0,createOrder
FNDA:0,getReservations
FNDA:0,createReservation
FNDA:0,getFavorites
FNDA:0,addFavorite
FNDA:0,removeFavorite
FNDA:0,getWalletBalance
FNDA:0,getWalletTransactions
FNDA:0,searchAll
FNDA:0,getTrendingSearches
DA:15,0
DA:28,0
DA:31,0
DA:32,0
DA:33,0
DA:34,0
DA:35,0
DA:36,0
DA:37,0
DA:38,0
DA:40,0
DA:41,0
DA:44,0
DA:47,0
DA:48,0
DA:52,0
DA:53,0
DA:54,0
DA:57,0
DA:60,0
DA:65,0
DA:68,0
DA:71,0
DA:76,0
DA:93,0
DA:98,0
DA:99,0
DA:100,0
DA:101,0
DA:104,0
DA:105,0
DA:106,0
DA:109,0
DA:110,0
DA:115,0
DA:130,0
DA:135,0
DA:136,0
DA:137,0
DA:138,0
DA:141,0
DA:144,0
DA:149,0
DA:153,0
DA:156,0
DA:157,0
DA:158,0
DA:161,0
DA:165,0
DA:170,0
DA:173,0
DA:174,0
DA:177,0
DA:181,0
DA:182,0
DA:183,0
DA:186,0
DA:190,0
DA:191,0
DA:192,0
DA:196,0
DA:199,0
DA:200,0
DA:203,0
DA:204,0
DA:205,0
LF:66
LH:0
BRDA:29,0,0,0
BRDA:32,1,0,0
BRDA:32,1,1,0
BRDA:33,2,0,0
BRDA:33,2,1,0
BRDA:34,3,0,0
BRDA:34,3,1,0
BRDA:35,4,0,0
BRDA:35,4,1,0
BRDA:36,5,0,0
BRDA:36,5,1,0
BRDA:37,6,0,0
BRDA:37,6,1,0
BRDA:38,7,0,0
BRDA:38,7,1,0
BRDA:95,8,0,0
BRDA:96,9,0,0
BRDA:99,10,0,0
BRDA:99,10,1,0
BRDA:132,11,0,0
BRDA:133,12,0,0
BRDA:136,13,0,0
BRDA:136,13,1,0
BRDA:156,14,0,0
BRDA:156,14,1,0
BRDA:187,15,0,0
BRDA:188,16,0,0
BRF:27
BRH:0
end_of_record
TN:
SF:src\lib\services\staffService.ts
FN:68,hashPassword
FN:73,verifyPassword
FN:94,getStaffMembers
FN:97,(anonymous_19)
FN:101,(anonymous_20)
FN:116,getStaffMemberById
FN:118,(anonymous_22)
FN:131,getStaffByEmail
FN:134,(anonymous_24)
FN:139,(anonymous_25)
FN:172,createStaffMember
FN:186,(anonymous_27)
FN:210,updateStaffMember
FN:219,(anonymous_29)
FN:244,deleteStaffMember
FN:246,(anonymous_31)
FN:258,getStaffCount
FN:270,logStaffActivity
FN:283,(anonymous_34)
FN:305,getActivityLogs
FN:310,(anonymous_36)
FN:314,(anonymous_37)
FN:315,(anonymous_38)
FN:318,(anonymous_39)
FN:336,mapStaffDoc
FNF:25
FNH:0
FNDA:0,hashPassword
FNDA:0,verifyPassword
FNDA:0,getStaffMembers
FNDA:0,(anonymous_19)
FNDA:0,(anonymous_20)
FNDA:0,getStaffMemberById
FNDA:0,(anonymous_22)
FNDA:0,getStaffByEmail
FNDA:0,(anonymous_24)
FNDA:0,(anonymous_25)
FNDA:0,createStaffMember
FNDA:0,(anonymous_27)
FNDA:0,updateStaffMember
FNDA:0,(anonymous_29)
FNDA:0,deleteStaffMember
FNDA:0,(anonymous_31)
FNDA:0,getStaffCount
FNDA:0,logStaffActivity
FNDA:0,(anonymous_34)
FNDA:0,getActivityLogs
FNDA:0,(anonymous_36)
FNDA:0,(anonymous_37)
FNDA:0,(anonymous_38)
FNDA:0,(anonymous_39)
FNDA:0,mapStaffDoc
DA:9,0
DA:66,0
DA:68,0
DA:69,0
DA:70,0
DA:73,0
DA:74,0
DA:75,0
DA:76,0
DA:79,0
DA:80,0
DA:81,0
DA:83,0
DA:84,0
DA:94,0
DA:95,0
DA:97,0
DA:99,0
DA:101,0
DA:102,0
DA:103,0
DA:106,0
DA:108,0
DA:109,0
DA:116,0
DA:117,0
DA:118,0
DA:119,0
DA:120,0
DA:121,0
DA:123,0
DA:124,0
DA:131,0
DA:132,0
DA:134,0
DA:136,0
DA:138,0
DA:139,0
DA:140,0
DA:141,0
DA:142,0
DA:145,0
DA:146,0
DA:149,0
DA:164,0
DA:165,0
DA:172,0
DA:176,0
DA:178,0
DA:179,0
DA:180,0
DA:183,0
DA:186,0
DA:188,0
DA:199,0
DA:200,0
DA:202,0
DA:203,0
DA:210,0
DA:214,0
DA:215,0
DA:216,0
DA:217,0
DA:219,0
DA:221,0
DA:225,0
DA:226,0
DA:227,0
DA:228,0
DA:229,0
DA:230,0
DA:231,0
DA:233,0
DA:234,0
DA:236,0
DA:237,0
DA:244,0
DA:245,0
DA:246,0
DA:247,0
DA:248,0
DA:250,0
DA:251,0
DA:258,0
DA:259,0
DA:260,0
DA:270,0
DA:280,0
DA:281,0
DA:282,0
DA:283,0
DA:285,0
DA:297,0
DA:305,0
DA:309,0
DA:310,0
DA:311,0
DA:313,0
DA:314,0
DA:315,0
DA:318,0
DA:331,0
DA:332,0
DA:337,0
LF:104
LH:0
BRDA:74,0,0,0
BRDA:74,0,1,0
BRDA:80,1,0,0
BRDA:80,1,1,0
BRDA:102,2,0,0
BRDA:102,2,1,0
BRDA:102,2,2,0
BRDA:120,3,0,0
BRDA:120,3,1,0
BRDA:140,4,0,0
BRDA:140,4,1,0
BRDA:141,5,0,0
BRDA:141,5,1,0
BRDA:141,5,2,0
BRDA:142,6,0,0
BRDA:142,6,1,0
BRDA:145,7,0,0
BRDA:145,7,1,0
BRDA:150,8,0,0
BRDA:150,8,1,0
BRDA:151,9,0,0
BRDA:151,9,1,0
BRDA:151,9,2,0
BRDA:152,10,0,0
BRDA:152,10,1,0
BRDA:153,11,0,0
BRDA:153,11,1,0
BRDA:154,12,0,0
BRDA:154,12,1,0
BRDA:155,13,0,0
BRDA:155,13,1,0
BRDA:156,14,0,0
BRDA:156,14,1,0
BRDA:157,15,0,0
BRDA:157,15,1,0
BRDA:157,15,2,0
BRDA:158,16,0,0
BRDA:158,16,1,0
BRDA:158,17,0,0
BRDA:158,17,1,0
BRDA:159,18,0,0
BRDA:159,18,1,0
BRDA:160,19,0,0
BRDA:160,19,1,0
BRDA:161,20,0,0
BRDA:161,20,1,0
BRDA:161,20,2,0
BRDA:179,21,0,0
BRDA:179,21,1,0
BRDA:191,22,0,0
BRDA:191,22,1,0
BRDA:195,23,0,0
BRDA:195,23,1,0
BRDA:216,24,0,0
BRDA:216,24,1,0
BRDA:225,25,0,0
BRDA:225,25,1,0
BRDA:226,26,0,0
BRDA:226,26,1,0
BRDA:227,27,0,0
BRDA:227,27,1,0
BRDA:228,28,0,0
BRDA:228,28,1,0
BRDA:229,29,0,0
BRDA:229,29,1,0
BRDA:230,30,0,0
BRDA:230,30,1,0
BRDA:231,31,0,0
BRDA:231,31,1,0
BRDA:291,32,0,0
BRDA:291,32,1,0
BRDA:292,33,0,0
BRDA:292,33,1,0
BRDA:293,34,0,0
BRDA:293,34,1,0
BRDA:307,35,0,0
BRDA:314,36,0,0
BRDA:314,36,1,0
BRDA:315,37,0,0
BRDA:315,37,1,0
BRDA:315,37,2,0
BRDA:316,38,0,0
BRDA:316,38,1,0
BRDA:316,38,2,0
BRDA:320,39,0,0
BRDA:320,39,1,0
BRDA:320,39,2,0
BRDA:321,40,0,0
BRDA:321,40,1,0
BRDA:322,41,0,0
BRDA:322,41,1,0
BRDA:323,42,0,0
BRDA:323,42,1,0
BRDA:324,43,0,0
BRDA:324,43,1,0
BRDA:325,44,0,0
BRDA:325,44,1,0
BRDA:326,45,0,0
BRDA:326,45,1,0
BRDA:327,46,0,0
BRDA:327,46,1,0
BRDA:328,47,0,0
BRDA:328,47,1,0
BRDA:328,47,2,0
BRDA:338,48,0,0
BRDA:338,48,1,0
BRDA:339,49,0,0
BRDA:339,49,1,0
BRDA:339,49,2,0
BRDA:340,50,0,0
BRDA:340,50,1,0
BRDA:341,51,0,0
BRDA:341,51,1,0
BRDA:342,52,0,0
BRDA:342,52,1,0
BRDA:343,53,0,0
BRDA:343,53,1,0
BRDA:344,54,0,0
BRDA:344,54,1,0
BRDA:345,55,0,0
BRDA:345,55,1,0
BRDA:345,55,2,0
BRDA:346,56,0,0
BRDA:346,56,1,0
BRDA:346,57,0,0
BRDA:346,57,1,0
BRDA:347,58,0,0
BRDA:347,58,1,0
BRDA:347,59,0,0
BRDA:347,59,1,0
BRDA:348,60,0,0
BRDA:348,60,1,0
BRF:132
BRH:0
end_of_record
TN:
SF:src\lib\services\subscriptionService.ts
FN:13,addDaysToDate
FN:22,addMonthsToDate
FN:31,addYearsToDate
FN:52,getSubscriptionInfo
FN:100,isSubscriptionExpired
FN:132,calculateNewEndDate
FN:163,extendSubscription
FN:171,(anonymous_20)
FN:205,(anonymous_21)
FN:232,formatDateTR
FNF:10
FNH:0
FNDA:0,addDaysToDate
FNDA:0,addMonthsToDate
FNDA:0,addYearsToDate
FNDA:0,getSubscriptionInfo
FNDA:0,isSubscriptionExpired
FNDA:0,calculateNewEndDate
FNDA:0,extendSubscription
FNDA:0,(anonymous_20)
FNDA:0,(anonymous_21)
FNDA:0,formatDateTR
DA:13,0
DA:14,0
DA:15,0
DA:16,0
DA:22,0
DA:23,0
DA:24,0
DA:25,0
DA:31,0
DA:32,0
DA:33,0
DA:34,0
DA:52,0
DA:53,0
DA:54,0
DA:63,0
DA:64,0
DA:65,0
DA:66,0
DA:68,0
DA:69,0
DA:78,0
DA:79,0
DA:88,0
DA:100,0
DA:101,0
DA:102,0
DA:115,0
DA:132,0
DA:139,0
DA:141,0
DA:144,0
DA:148,0
DA:150,0
DA:152,0
DA:154,0
DA:156,0
DA:163,0
DA:169,0
DA:171,0
DA:173,0
DA:175,0
DA:176,0
DA:180,0
DA:185,0
DA:188,0
DA:195,0
DA:204,0
DA:205,0
DA:206,0
DA:221,0
DA:224,0
DA:225,0
DA:232,0
DA:233,0
DA:234,0
LF:56
LH:0
BRDA:53,0,0,0
BRDA:53,0,1,0
BRDA:53,1,0,0
BRDA:53,1,1,0
BRDA:68,2,0,0
BRDA:68,2,1,0
BRDA:78,3,0,0
BRDA:78,3,1,0
BRDA:101,4,0,0
BRDA:101,4,1,0
BRDA:139,5,0,0
BRDA:139,5,1,0
BRDA:139,6,0,0
BRDA:139,6,1,0
BRDA:148,7,0,0
BRDA:148,7,1,0
BRDA:148,7,2,0
BRDA:148,7,3,0
BRDA:167,8,0,0
BRDA:175,9,0,0
BRDA:175,9,1,0
BRDA:180,10,0,0
BRDA:180,10,1,0
BRDA:195,11,0,0
BRDA:195,11,1,0
BRDA:197,12,0,0
BRDA:197,12,1,0
BRDA:199,13,0,0
BRDA:199,13,1,0
BRDA:215,14,0,0
BRDA:215,14,1,0
BRDA:233,15,0,0
BRDA:233,15,1,0
BRF:33
BRH:0
end_of_record
TN:
SF:src\services\businessService.ts
FN:15,getPaginatedBusinesses
FN:20,(anonymous_15)
FN:23,(anonymous_16)
FN:29,(anonymous_17)
FN:45,subscribeToBusinesses
FN:51,(anonymous_19)
FN:54,(anonymous_20)
FN:61,(anonymous_21)
FN:68,searchBusinesses
FN:74,(anonymous_23)
FN:78,(anonymous_24)
FN:79,(anonymous_25)
FN:91,createBusiness
FN:95,(anonymous_27)
FN:108,updateBusiness
FN:113,(anonymous_29)
FN:125,deleteBusiness
FN:130,(anonymous_31)
FN:147,toggleBusinessStatus
FN:149,(anonymous_33)
FN:170,getBusinessStats
FN:177,(anonymous_35)
FN:179,(anonymous_36)
FN:183,(anonymous_37)
FN:184,(anonymous_38)
FN:185,(anonymous_39)
FN:194,getBusinessById
FN:196,(anonymous_41)
FN:211,getBusinessBySlug
FN:213,(anonymous_43)
FNF:30
FNH:0
FNDA:0,getPaginatedBusinesses
FNDA:0,(anonymous_15)
FNDA:0,(anonymous_16)
FNDA:0,(anonymous_17)
FNDA:0,subscribeToBusinesses
FNDA:0,(anonymous_19)
FNDA:0,(anonymous_20)
FNDA:0,(anonymous_21)
FNDA:0,searchBusinesses
FNDA:0,(anonymous_23)
FNDA:0,(anonymous_24)
FNDA:0,(anonymous_25)
FNDA:0,createBusiness
FNDA:0,(anonymous_27)
FNDA:0,updateBusiness
FNDA:0,(anonymous_29)
FNDA:0,deleteBusiness
FNDA:0,(anonymous_31)
FNDA:0,toggleBusinessStatus
FNDA:0,(anonymous_33)
FNDA:0,getBusinessStats
FNDA:0,(anonymous_35)
FNDA:0,(anonymous_36)
FNDA:0,(anonymous_37)
FNDA:0,(anonymous_38)
FNDA:0,(anonymous_39)
FNDA:0,getBusinessById
FNDA:0,(anonymous_41)
FNDA:0,getBusinessBySlug
FNDA:0,(anonymous_43)
DA:5,0
DA:15,0
DA:19,0
DA:20,0
DA:21,0
DA:23,0
DA:24,0
DA:25,0
DA:26,0
DA:29,0
DA:30,0
DA:31,0
DA:33,0
DA:39,0
DA:40,0
DA:45,0
DA:49,0
DA:51,0
DA:52,0
DA:53,0
DA:54,0
DA:55,0
DA:58,0
DA:59,0
DA:61,0
DA:62,0
DA:63,0
DA:68,0
DA:72,0
DA:73,0
DA:74,0
DA:75,0
DA:77,0
DA:78,0
DA:80,0
DA:85,0
DA:86,0
DA:91,0
DA:94,0
DA:95,0
DA:96,0
DA:102,0
DA:103,0
DA:108,0
DA:112,0
DA:113,0
DA:114,0
DA:119,0
DA:120,0
DA:125,0
DA:129,0
DA:130,0
DA:132,0
DA:133,0
DA:138,0
DA:141,0
DA:142,0
DA:147,0
DA:148,0
DA:149,0
DA:150,0
DA:152,0
DA:153,0
DA:156,0
DA:157,0
DA:159,0
DA:164,0
DA:165,0
DA:170,0
DA:176,0
DA:177,0
DA:178,0
DA:179,0
DA:181,0
DA:183,0
DA:184,0
DA:185,0
DA:188,0
DA:189,0
DA:194,0
DA:195,0
DA:196,0
DA:197,0
DA:198,0
DA:199,0
DA:200,0
DA:205,0
DA:206,0
DA:211,0
DA:212,0
DA:213,0
DA:214,0
DA:215,0
DA:221,0
DA:222,0
DA:223,0
DA:225,0
DA:226,0
DA:228,0
DA:248,0
DA:249,0
LF:101
LH:0
BRDA:16,0,0,0
BRDA:24,1,0,0
BRDA:24,1,1,0
BRDA:24,1,2,0
BRDA:25,2,0,0
BRDA:25,2,1,0
BRDA:25,2,2,0
BRDA:29,3,0,0
BRDA:29,3,1,0
BRDA:35,4,0,0
BRDA:35,4,1,0
BRDA:47,5,0,0
BRDA:52,6,0,0
BRDA:52,6,1,0
BRDA:55,7,0,0
BRDA:55,7,1,0
BRDA:70,8,0,0
BRDA:80,9,0,0
BRDA:80,9,1,0
BRDA:98,10,0,0
BRDA:98,10,1,0
BRDA:127,11,0,0
BRDA:132,12,0,0
BRDA:132,12,1,0
BRDA:152,13,0,0
BRDA:152,13,1,0
BRDA:157,14,0,0
BRDA:157,14,1,0
BRDA:198,15,0,0
BRDA:198,15,1,0
BRDA:199,16,0,0
BRDA:199,16,1,0
BRDA:199,16,2,0
BRDA:202,17,0,0
BRDA:202,17,1,0
BRDA:221,18,0,0
BRDA:221,18,1,0
BRDA:223,19,0,0
BRDA:223,19,1,0
BRDA:225,20,0,0
BRDA:225,20,1,0
BRDA:226,21,0,0
BRDA:226,21,1,0
BRDA:226,21,2,0
BRDA:230,22,0,0
BRDA:230,22,1,0
BRDA:231,23,0,0
BRDA:231,23,1,0
BRDA:232,24,0,0
BRDA:232,24,1,0
BRDA:235,25,0,0
BRDA:235,25,1,0
BRDA:236,26,0,0
BRDA:236,26,1,0
BRDA:236,26,2,0
BRDA:237,27,0,0
BRDA:237,27,1,0
BRDA:238,28,0,0
BRDA:238,28,1,0
BRDA:239,29,0,0
BRDA:239,29,1,0
BRDA:240,30,0,0
BRDA:240,30,1,0
BRDA:241,31,0,0
BRDA:241,31,1,0
BRDA:242,32,0,0
BRDA:242,32,1,0
BRDA:245,33,0,0
BRDA:245,33,1,0
BRF:69
BRH:0
end_of_record
TN:
SF:src\services\systemLogService.ts
FN:24,createLog
FN:32,(anonymous_8)
FN:48,getPaginatedLogs
FN:53,(anonymous_10)
FN:57,(anonymous_11)
FN:60,(anonymous_12)
FN:62,(anonymous_13)
FN:84,subscribeToLogs
FN:90,(anonymous_15)
FN:99,(anonymous_16)
FNF:10
FNH:0
FNDA:0,createLog
FNDA:0,(anonymous_8)
FNDA:0,getPaginatedLogs
FNDA:0,(anonymous_10)
FNDA:0,(anonymous_11)
FNDA:0,(anonymous_12)
FNDA:0,(anonymous_13)
FNDA:0,subscribeToLogs
FNDA:0,(anonymous_15)
FNDA:0,(anonymous_16)
DA:3,0
DA:24,0
DA:31,0
DA:32,0
DA:33,0
DA:42,0
DA:48,0
DA:52,0
DA:53,0
DA:54,0
DA:56,0
DA:57,0
DA:60,0
DA:61,0
DA:62,0
DA:72,0
DA:78,0
DA:79,0
DA:84,0
DA:88,0
DA:90,0
DA:91,0
DA:92,0
DA:93,0
DA:96,0
DA:97,0
DA:99,0
DA:100,0
DA:101,0
LF:29
LH:0
BRDA:28,0,0,0
BRDA:29,1,0,0
BRDA:49,2,0,0
BRDA:57,3,0,0
BRDA:57,3,1,0
BRDA:57,3,2,0
BRDA:58,4,0,0
BRDA:58,4,1,0
BRDA:58,4,2,0
BRDA:60,5,0,0
BRDA:60,5,1,0
BRDA:67,6,0,0
BRDA:67,6,1,0
BRDA:68,7,0,0
BRDA:68,7,1,0
BRDA:69,8,0,0
BRDA:69,8,1,0
BRDA:69,8,2,0
BRDA:74,9,0,0
BRDA:74,9,1,0
BRDA:86,10,0,0
BRDA:91,11,0,0
BRDA:91,11,1,0
BRDA:93,12,0,0
BRDA:93,12,1,0
BRF:25
BRH:0
end_of_record
TN:
SF:src\types\beauty.ts
FN:209,(anonymous_11)
FN:214,(anonymous_12)
FNF:2
FNH:0
FNDA:0,(anonymous_11)
FNDA:0,(anonymous_12)
DA:1,0
DA:4,0
DA:13,0
DA:27,0
DA:38,0
DA:50,0
DA:63,0
DA:72,0
DA:85,0
DA:209,0
DA:210,0
DA:211,0
DA:214,0
DA:215,0
DA:216,0
DA:217,0
DA:218,0
DA:220,0
LF:18
LH:0
BRDA:210,0,0,0
BRDA:210,0,1,0
BRDA:210,1,0,0
BRDA:210,1,1,0
BRDA:215,2,0,0
BRDA:215,2,1,0
BRDA:218,3,0,0
BRDA:218,3,1,0
BRF:8
BRH:0
end_of_record
TN:
SF:src\types\ecommerce.ts
FNF:0
FNH:0
DA:1,0
DA:4,0
DA:25,0
DA:35,0
DA:50,0
DA:69,0
DA:78,0
LF:7
LH:0
BRF:0
BRH:0
end_of_record
TN:
SF:src\types\emlak.ts
FN:302,formatPrice
FN:309,getPropertyBadgeColor
FNF:2
FNH:0
FNDA:0,formatPrice
FNDA:0,getPropertyBadgeColor
DA:4,0
DA:8,0
DA:12,0
DA:18,0
DA:33,0
DA:42,0
DA:51,0
DA:59,0
DA:74,0
DA:81,0
DA:97,0
DA:102,0
DA:121,0
DA:268,0
DA:274,0
DA:286,0
DA:295,0
DA:302,0
DA:303,0
DA:304,0
DA:305,0
DA:309,0
DA:310,0
DA:315,0
LF:24
LH:0
BRDA:302,0,0,0
BRDA:304,1,0,0
BRDA:304,1,1,0
BRDA:315,2,0,0
BRDA:315,2,1,0
BRF:5
BRH:0
end_of_record
TN:
SF:src\types\fastfood.ts
FN:185,getEffectivePrice
FN:210,formatPrepTime
FN:222,getAllergenInfo
FN:223,(anonymous_11)
FN:229,getTagInfo
FN:230,(anonymous_13)
FNF:6
FNH:0
FNDA:0,getEffectivePrice
FNDA:0,formatPrepTime
FNDA:0,getAllergenInfo
FNDA:0,(anonymous_11)
FNDA:0,getTagInfo
FNDA:0,(anonymous_13)
DA:21,0
DA:39,0
DA:55,0
DA:185,0
DA:189,0
DA:192,0
DA:193,0
DA:194,0
DA:195,0
DA:196,0
DA:204,0
DA:210,0
DA:211,0
DA:212,0
DA:214,0
DA:215,0
DA:216,0
DA:222,0
DA:223,0
DA:229,0
DA:230,0
LF:21
LH:0
BRDA:189,0,0,0
BRDA:189,0,1,0
BRDA:192,1,0,0
BRDA:192,1,1,0
BRDA:192,2,0,0
BRDA:192,2,1,0
BRDA:194,3,0,0
BRDA:194,3,1,0
BRDA:195,4,0,0
BRDA:195,4,1,0
BRDA:211,5,0,0
BRDA:211,5,1,0
BRDA:216,6,0,0
BRDA:216,6,1,0
BRF:14
BRH:0
end_of_record
TN:
SF:src\types\kesfet.ts
FNF:0
FNH:0
DA:277,0
LF:1
LH:0
BRF:0
BRH:0
end_of_record
TN:
SF:src\workers\qrAnimationWorker.ts
FN:1,(anonymous_0)
FN:5,(anonymous_1)
FN:48,(anonymous_2)
FN:57,(anonymous_3)
FN:73,(anonymous_4)
FN:98,(anonymous_5)
FN:132,(anonymous_6)
FN:149,(anonymous_7)
FN:152,(anonymous_8)
FN:162,(anonymous_9)
FN:199,(anonymous_10)
FN:219,(anonymous_11)
FN:223,(anonymous_12)
FN:249,(anonymous_13)
FNF:14
FNH:0
FNDA:0,(anonymous_0)
FNDA:0,(anonymous_1)
FNDA:0,(anonymous_2)
FNDA:0,(anonymous_3)
FNDA:0,(anonymous_4)
FNDA:0,(anonymous_5)
FNDA:0,(anonymous_6)
FNDA:0,(anonymous_7)
FNDA:0,(anonymous_8)
FNDA:0,(anonymous_9)
FNDA:0,(anonymous_10)
FNDA:0,(anonymous_11)
FNDA:0,(anonymous_12)
FNDA:0,(anonymous_13)
DA:1,0
DA:2,0
DA:5,0
DA:6,0
DA:40,0
DA:41,0
DA:42,0
DA:43,0
DA:44,0
DA:45,0
DA:46,0
DA:48,0
DA:49,0
DA:50,0
DA:51,0
DA:52,0
DA:53,0
DA:57,0
DA:58,0
DA:59,0
DA:60,0
DA:73,0
DA:74,0
DA:75,0
DA:77,0
DA:78,0
DA:79,0
DA:81,0
DA:82,0
DA:84,0
DA:86,0
DA:87,0
DA:98,0
DA:107,0
DA:109,0
DA:110,0
DA:111,0
DA:113,0
DA:114,0
DA:115,0
DA:116,0
DA:118,0
DA:119,0
DA:120,0
DA:121,0
DA:123,0
DA:132,0
DA:133,0
DA:134,0
DA:136,0
DA:137,0
DA:138,0
DA:139,0
DA:141,0
DA:144,0
DA:149,0
DA:150,0
DA:152,0
DA:153,0
DA:154,0
DA:156,0
DA:157,0
DA:158,0
DA:162,0
DA:170,0
DA:172,0
DA:174,0
DA:175,0
DA:176,0
DA:177,0
DA:178,0
DA:180,0
DA:194,0
DA:195,0
DA:199,0
DA:211,0
DA:213,0
DA:214,0
DA:216,0
DA:217,0
DA:219,0
DA:220,0
DA:223,0
DA:225,0
DA:226,0
DA:227,0
DA:228,0
DA:239,0
DA:249,0
DA:250,0
DA:252,0
DA:254,0
DA:255,0
DA:256,0
DA:257,0
DA:258,0
DA:261,0
DA:262,0
DA:263,0
DA:266,0
DA:267,0
DA:268,0
DA:269,0
DA:270,0
DA:272,0
DA:273,0
DA:276,0
LF:107
LH:0
BRDA:2,0,0,0
BRDA:2,0,1,0
BRDA:6,1,0,0
BRDA:6,1,1,0
BRDA:64,2,0,0
BRDA:64,2,1,0
BRDA:65,3,0,0
BRDA:65,3,1,0
BRDA:86,4,0,0
BRDA:86,4,1,0
BRDA:141,5,0,0
BRDA:141,5,1,0
BRDA:141,6,0,0
BRDA:141,6,1,0
BRDA:141,6,2,0
BRDA:141,6,3,0
BRDA:141,6,4,0
BRDA:170,7,0,0
BRDA:170,7,1,0
BRDA:194,8,0,0
BRDA:194,8,1,0
BRDA:225,9,0,0
BRDA:225,9,1,0
BRDA:225,10,0,0
BRDA:225,10,1,0
BRDA:227,11,0,0
BRDA:227,11,1,0
BRDA:252,12,0,0
BRDA:252,12,1,0
BRDA:252,12,2,0
BRDA:252,12,3,0
BRDA:269,13,0,0
BRDA:269,13,1,0
BRF:33
BRH:0
end_of_record
